<?xml version="1.0" encoding="utf-8"?>
<coverage line-rate="0.7993000000000001" branch-rate="0.6915" version="1.9" timestamp="1779740803" lines-covered="478" lines-valid="598" branches-covered="148" branches-valid="214">
  <sources>
    <source>C:\Users\defaultuser0\source\repos\UniversityAdvisorProject\Controllers\</source>
  </sources>
  <packages>
    <package name="UniversityFinder" line-rate="0.7993000000000001" branch-rate="0.6915" complexity="240">
      <classes>
        <class name="UniversityFinder.Controllers.AdminController" filename="AdminController.cs" line-rate="0.75" branch-rate="1" complexity="2">
          <methods>
            <method name="Create" signature="()" line-rate="0" branch-rate="1" complexity="1">
              <lines>
                <line number="444" hits="0" branch="False" />
                <line number="445" hits="0" branch="False" />
                <line number="446" hits="0" branch="False" />
              </lines>
            </method>
            <method name=".ctor" signature="(UniversityFinder.Services.SupabaseService,UniversityFinder.Services.NacidScraperService,Microsoft.Extensions.Logging.ILogger`1&lt;UniversityFinder.Controllers.AdminController&gt;)" line-rate="1" branch-rate="1" complexity="1">
              <lines>
                <line number="15" hits="25" branch="False" />
                <line number="16" hits="25" branch="False" />
                <line number="17" hits="25" branch="False" />
                <line number="18" hits="25" branch="False" />
                <line number="19" hits="25" branch="False" />
                <line number="20" hits="25" branch="False" />
                <line number="21" hits="25" branch="False" />
                <line number="22" hits="25" branch="False" />
                <line number="23" hits="25" branch="False" />
              </lines>
            </method>
          </methods>
          <lines>
            <line number="444" hits="0" branch="False" />
            <line number="445" hits="0" branch="False" />
            <line number="446" hits="0" branch="False" />
            <line number="15" hits="25" branch="False" />
            <line number="16" hits="25" branch="False" />
            <line number="17" hits="25" branch="False" />
            <line number="18" hits="25" branch="False" />
            <line number="19" hits="25" branch="False" />
            <line number="20" hits="25" branch="False" />
            <line number="21" hits="25" branch="False" />
            <line number="22" hits="25" branch="False" />
            <line number="23" hits="25" branch="False" />
          </lines>
        </class>
        <class name="UniversityFinder.Controllers.AdminController/&lt;&gt;c__DisplayClass22_0" filename="AdminController.cs" line-rate="1" branch-rate="1" complexity="1">
          <methods>
            <method name="&lt;AddProgram&gt;b__0" signature="(UniversityFinder.Models.Subject)" line-rate="1" branch-rate="1" complexity="1">
              <lines>
                <line number="653" hits="2" branch="False" />
              </lines>
            </method>
          </methods>
          <lines>
            <line number="653" hits="2" branch="False" />
          </lines>
        </class>
        <class name="UniversityFinder.Controllers.AdminController/&lt;&gt;c__DisplayClass22_1" filename="AdminController.cs" line-rate="1" branch-rate="0" complexity="2">
          <methods>
            <method name="&lt;AddProgram&gt;b__1" signature="(UniversityFinder.Models.Subject)" line-rate="1" branch-rate="0" complexity="2">
              <lines>
                <line number="665" hits="1" branch="True" condition-coverage="0% (0/2)">
                  <conditions>
                    <condition number="11" type="jump" coverage="0%" />
                  </conditions>
                </line>
                <line number="666" hits="1" branch="False" />
              </lines>
            </method>
          </methods>
          <lines>
            <line number="665" hits="1" branch="True" condition-coverage="0% (0/2)">
              <conditions>
                <condition number="11" type="jump" coverage="0%" />
              </conditions>
            </line>
            <line number="666" hits="1" branch="False" />
          </lines>
        </class>
        <class name="UniversityFinder.Controllers.AdminController/&lt;&gt;c__DisplayClass5_0" filename="AdminController.cs" line-rate="1" branch-rate="1" complexity="1">
          <methods>
            <method name="&lt;SeedCategories&gt;b__0" signature="(UniversityFinder.Models.SubjectCategory)" line-rate="1" branch-rate="1" complexity="1">
              <lines>
                <line number="59" hits="9" branch="False" />
              </lines>
            </method>
          </methods>
          <lines>
            <line number="59" hits="9" branch="False" />
          </lines>
        </class>
        <class name="UniversityFinder.Controllers.AdminController/&lt;AddProgram&gt;d__22" filename="AdminController.cs" line-rate="0.9555" branch-rate="0.7272" complexity="22">
          <methods>
            <method name="MoveNext" signature="()" line-rate="0.9555" branch-rate="0.7272" complexity="22">
              <lines>
                <line number="646" hits="2" branch="False" />
                <line number="647" hits="2" branch="False" />
                <line number="650" hits="2" branch="True" condition-coverage="100% (4/4)">
                  <conditions>
                    <condition number="103" type="jump" coverage="100%" />
                    <condition number="136" type="jump" coverage="100%" />
                  </conditions>
                </line>
                <line number="651" hits="1" branch="False" />
                <line number="652" hits="1" branch="False" />
                <line number="654" hits="1" branch="False" />
                <line number="657" hits="2" branch="True" condition-coverage="100% (2/2)">
                  <conditions>
                    <condition number="328" type="jump" coverage="100%" />
                  </conditions>
                </line>
                <line number="658" hits="1" branch="False" />
                <line number="659" hits="1" branch="True" condition-coverage="50% (1/2)">
                  <conditions>
                    <condition number="358" type="jump" coverage="50%" />
                  </conditions>
                </line>
                <line number="660" hits="1" branch="True" condition-coverage="50% (1/2)">
                  <conditions>
                    <condition number="396" type="jump" coverage="50%" />
                  </conditions>
                </line>
                <line number="661" hits="0" branch="False" />
                <line number="663" hits="1" branch="False" />
                <line number="664" hits="1" branch="False" />
                <line number="668" hits="1" branch="True" condition-coverage="100% (2/2)">
                  <conditions>
                    <condition number="601" type="jump" coverage="100%" />
                  </conditions>
                </line>
                <line number="669" hits="1" branch="False" />
                <line number="670" hits="1" branch="False" />
                <line number="671" hits="1" branch="True" condition-coverage="66.66% (4/6)">
                  <conditions>
                    <condition number="630" type="jump" coverage="50%" />
                    <condition number="649" type="jump" coverage="50%" />
                    <condition number="675" type="jump" coverage="100%" />
                  </conditions>
                </line>
                <line number="672" hits="1" branch="False" />
                <line number="673" hits="1" branch="False" />
                <line number="674" hits="1" branch="False" />
                <line number="675" hits="1" branch="False" />
                <line number="676" hits="1" branch="False" />
                <line number="678" hits="1" branch="False" />
                <line number="679" hits="1" branch="False" />
                <line number="680" hits="1" branch="False" />
                <line number="681" hits="1" branch="False" />
                <line number="682" hits="1" branch="False" />
                <line number="683" hits="1" branch="False" />
                <line number="684" hits="1" branch="False" />
                <line number="686" hits="2" branch="True" condition-coverage="50% (2/4)">
                  <conditions>
                    <condition number="888" type="jump" coverage="50%" />
                    <condition number="918" type="jump" coverage="50%" />
                  </conditions>
                </line>
                <line number="687" hits="0" branch="False" />
                <line number="689" hits="2" branch="False" />
                <line number="690" hits="2" branch="False" />
                <line number="691" hits="2" branch="False" />
                <line number="692" hits="2" branch="False" />
                <line number="693" hits="2" branch="False" />
                <line number="694" hits="2" branch="False" />
                <line number="695" hits="2" branch="False" />
                <line number="696" hits="2" branch="False" />
                <line number="697" hits="2" branch="False" />
                <line number="698" hits="2" branch="False" />
                <line number="700" hits="2" branch="False" />
                <line number="701" hits="2" branch="False" />
                <line number="702" hits="2" branch="False" />
                <line number="703" hits="2" branch="False" />
              </lines>
            </method>
          </methods>
          <lines>
            <line number="646" hits="2" branch="False" />
            <line number="647" hits="2" branch="False" />
            <line number="650" hits="2" branch="True" condition-coverage="100% (4/4)">
              <conditions>
                <condition number="103" type="jump" coverage="100%" />
                <condition number="136" type="jump" coverage="100%" />
              </conditions>
            </line>
            <line number="651" hits="1" branch="False" />
            <line number="652" hits="1" branch="False" />
            <line number="654" hits="1" branch="False" />
            <line number="657" hits="2" branch="True" condition-coverage="100% (2/2)">
              <conditions>
                <condition number="328" type="jump" coverage="100%" />
              </conditions>
            </line>
            <line number="658" hits="1" branch="False" />
            <line number="659" hits="1" branch="True" condition-coverage="50% (1/2)">
              <conditions>
                <condition number="358" type="jump" coverage="50%" />
              </conditions>
            </line>
            <line number="660" hits="1" branch="True" condition-coverage="50% (1/2)">
              <conditions>
                <condition number="396" type="jump" coverage="50%" />
              </conditions>
            </line>
            <line number="661" hits="0" branch="False" />
            <line number="663" hits="1" branch="False" />
            <line number="664" hits="1" branch="False" />
            <line number="668" hits="1" branch="True" condition-coverage="100% (2/2)">
              <conditions>
                <condition number="601" type="jump" coverage="100%" />
              </conditions>
            </line>
            <line number="669" hits="1" branch="False" />
            <line number="670" hits="1" branch="False" />
            <line number="671" hits="1" branch="True" condition-coverage="66.66% (4/6)">
              <conditions>
                <condition number="630" type="jump" coverage="50%" />
                <condition number="649" type="jump" coverage="50%" />
                <condition number="675" type="jump" coverage="100%" />
              </conditions>
            </line>
            <line number="672" hits="1" branch="False" />
            <line number="673" hits="1" branch="False" />
            <line number="674" hits="1" branch="False" />
            <line number="675" hits="1" branch="False" />
            <line number="676" hits="1" branch="False" />
            <line number="678" hits="1" branch="False" />
            <line number="679" hits="1" branch="False" />
            <line number="680" hits="1" branch="False" />
            <line number="681" hits="1" branch="False" />
            <line number="682" hits="1" branch="False" />
            <line number="683" hits="1" branch="False" />
            <line number="684" hits="1" branch="False" />
            <line number="686" hits="2" branch="True" condition-coverage="50% (2/4)">
              <conditions>
                <condition number="888" type="jump" coverage="50%" />
                <condition number="918" type="jump" coverage="50%" />
              </conditions>
            </line>
            <line number="687" hits="0" branch="False" />
            <line number="689" hits="2" branch="False" />
            <line number="690" hits="2" branch="False" />
            <line number="691" hits="2" branch="False" />
            <line number="692" hits="2" branch="False" />
            <line number="693" hits="2" branch="False" />
            <line number="694" hits="2" branch="False" />
            <line number="695" hits="2" branch="False" />
            <line number="696" hits="2" branch="False" />
            <line number="697" hits="2" branch="False" />
            <line number="698" hits="2" branch="False" />
            <line number="700" hits="2" branch="False" />
            <line number="701" hits="2" branch="False" />
            <line number="702" hits="2" branch="False" />
            <line number="703" hits="2" branch="False" />
          </lines>
        </class>
        <class name="UniversityFinder.Controllers.AdminController/&lt;Create&gt;d__16" filename="AdminController.cs" line-rate="0.6537999999999999" branch-rate="0.7" complexity="10">
          <methods>
            <method name="MoveNext" signature="()" line-rate="0.6537999999999999" branch-rate="0.7" complexity="10">
              <lines>
                <line number="454" hits="3" branch="False" />
                <line number="455" hits="3" branch="True" condition-coverage="100% (2/2)">
                  <conditions>
                    <condition number="40" type="jump" coverage="100%" />
                  </conditions>
                </line>
                <line number="456" hits="1" branch="False" />
                <line number="457" hits="1" branch="False" />
                <line number="460" hits="2" branch="True" condition-coverage="50% (1/2)">
                  <conditions>
                    <condition number="84" type="jump" coverage="50%" />
                  </conditions>
                </line>
                <line number="461" hits="0" branch="False" />
                <line number="462" hits="0" branch="False" />
                <line number="463" hits="0" branch="False" />
                <line number="466" hits="2" branch="True" condition-coverage="50% (1/2)">
                  <conditions>
                    <condition number="157" type="jump" coverage="50%" />
                  </conditions>
                </line>
                <line number="467" hits="0" branch="False" />
                <line number="470" hits="2" branch="False" />
                <line number="471" hits="2" branch="False" />
                <line number="472" hits="2" branch="True" condition-coverage="100% (2/2)">
                  <conditions>
                    <condition number="354" type="jump" coverage="100%" />
                  </conditions>
                </line>
                <line number="473" hits="1" branch="False" />
                <line number="474" hits="1" branch="False" />
                <line number="475" hits="1" branch="False" />
                <line number="478" hits="1" branch="False" />
                <line number="479" hits="1" branch="False" />
                <line number="480" hits="1" branch="True" condition-coverage="50% (1/2)">
                  <conditions>
                    <condition number="612" type="jump" coverage="50%" />
                  </conditions>
                </line>
                <line number="481" hits="1" branch="False" />
                <line number="483" hits="0" branch="False" />
                <line number="484" hits="0" branch="False" />
                <line number="485" hits="0" branch="False" />
                <line number="486" hits="0" branch="False" />
                <line number="487" hits="0" branch="False" />
                <line number="489" hits="3" branch="False" />
              </lines>
            </method>
          </methods>
          <lines>
            <line number="454" hits="3" branch="False" />
            <line number="455" hits="3" branch="True" condition-coverage="100% (2/2)">
              <conditions>
                <condition number="40" type="jump" coverage="100%" />
              </conditions>
            </line>
            <line number="456" hits="1" branch="False" />
            <line number="457" hits="1" branch="False" />
            <line number="460" hits="2" branch="True" condition-coverage="50% (1/2)">
              <conditions>
                <condition number="84" type="jump" coverage="50%" />
              </conditions>
            </line>
            <line number="461" hits="0" branch="False" />
            <line number="462" hits="0" branch="False" />
            <line number="463" hits="0" branch="False" />
            <line number="466" hits="2" branch="True" condition-coverage="50% (1/2)">
              <conditions>
                <condition number="157" type="jump" coverage="50%" />
              </conditions>
            </line>
            <line number="467" hits="0" branch="False" />
            <line number="470" hits="2" branch="False" />
            <line number="471" hits="2" branch="False" />
            <line number="472" hits="2" branch="True" condition-coverage="100% (2/2)">
              <conditions>
                <condition number="354" type="jump" coverage="100%" />
              </conditions>
            </line>
            <line number="473" hits="1" branch="False" />
            <line number="474" hits="1" branch="False" />
            <line number="475" hits="1" branch="False" />
            <line number="478" hits="1" branch="False" />
            <line number="479" hits="1" branch="False" />
            <line number="480" hits="1" branch="True" condition-coverage="50% (1/2)">
              <conditions>
                <condition number="612" type="jump" coverage="50%" />
              </conditions>
            </line>
            <line number="481" hits="1" branch="False" />
            <line number="483" hits="0" branch="False" />
            <line number="484" hits="0" branch="False" />
            <line number="485" hits="0" branch="False" />
            <line number="486" hits="0" branch="False" />
            <line number="487" hits="0" branch="False" />
            <line number="489" hits="3" branch="False" />
          </lines>
        </class>
        <class name="UniversityFinder.Controllers.AdminController/&lt;DebugSupabase&gt;d__13" filename="AdminController.cs" line-rate="0.75" branch-rate="0.5" complexity="2">
          <methods>
            <method name="MoveNext" signature="()" line-rate="0.75" branch-rate="0.5" complexity="2">
              <lines>
                <line number="406" hits="2" branch="False" />
                <line number="408" hits="2" branch="False" />
                <line number="409" hits="2" branch="False" />
                <line number="410" hits="1" branch="False" />
                <line number="412" hits="1" branch="False" />
                <line number="413" hits="1" branch="False" />
                <line number="414" hits="1" branch="False" />
                <line number="415" hits="1" branch="True" condition-coverage="50% (1/2)">
                  <conditions>
                    <condition number="302" type="jump" coverage="50%" />
                  </conditions>
                </line>
                <line number="416" hits="1" branch="False" />
                <line number="417" hits="1" branch="False" />
                <line number="418" hits="1" branch="False" />
                <line number="420" hits="0" branch="False" />
                <line number="421" hits="0" branch="False" />
                <line number="422" hits="0" branch="False" />
                <line number="423" hits="0" branch="False" />
                <line number="425" hits="2" branch="False" />
              </lines>
            </method>
          </methods>
          <lines>
            <line number="406" hits="2" branch="False" />
            <line number="408" hits="2" branch="False" />
            <line number="409" hits="2" branch="False" />
            <line number="410" hits="1" branch="False" />
            <line number="412" hits="1" branch="False" />
            <line number="413" hits="1" branch="False" />
            <line number="414" hits="1" branch="False" />
            <line number="415" hits="1" branch="True" condition-coverage="50% (1/2)">
              <conditions>
                <condition number="302" type="jump" coverage="50%" />
              </conditions>
            </line>
            <line number="416" hits="1" branch="False" />
            <line number="417" hits="1" branch="False" />
            <line number="418" hits="1" branch="False" />
            <line number="420" hits="0" branch="False" />
            <line number="421" hits="0" branch="False" />
            <line number="422" hits="0" branch="False" />
            <line number="423" hits="0" branch="False" />
            <line number="425" hits="2" branch="False" />
          </lines>
        </class>
        <class name="UniversityFinder.Controllers.AdminController/&lt;DebugUniversityCount&gt;d__12" filename="AdminController.cs" line-rate="0.6520999999999999" branch-rate="0.5" complexity="2">
          <methods>
            <method name="MoveNext" signature="()" line-rate="0.6520999999999999" branch-rate="0.5" complexity="2">
              <lines>
                <line number="369" hits="1" branch="False" />
                <line number="371" hits="1" branch="False" />
                <line number="373" hits="1" branch="False" />
                <line number="374" hits="1" branch="False" />
                <line number="377" hits="1" branch="True" condition-coverage="50% (1/2)">
                  <conditions>
                    <condition number="190" type="jump" coverage="50%" />
                  </conditions>
                </line>
                <line number="378" hits="1" branch="False" />
                <line number="379" hits="1" branch="False" />
                <line number="380" hits="1" branch="False" />
                <line number="381" hits="1" branch="False" />
                <line number="382" hits="1" branch="False" />
                <line number="383" hits="1" branch="False" />
                <line number="384" hits="1" branch="False" />
                <line number="386" hits="1" branch="False" />
                <line number="388" hits="1" branch="False" />
                <line number="390" hits="0" branch="False" />
                <line number="391" hits="0" branch="False" />
                <line number="392" hits="0" branch="False" />
                <line number="393" hits="0" branch="False" />
                <line number="394" hits="0" branch="False" />
                <line number="395" hits="0" branch="False" />
                <line number="396" hits="0" branch="False" />
                <line number="397" hits="0" branch="False" />
                <line number="399" hits="1" branch="False" />
              </lines>
            </method>
          </methods>
          <lines>
            <line number="369" hits="1" branch="False" />
            <line number="371" hits="1" branch="False" />
            <line number="373" hits="1" branch="False" />
            <line number="374" hits="1" branch="False" />
            <line number="377" hits="1" branch="True" condition-coverage="50% (1/2)">
              <conditions>
                <condition number="190" type="jump" coverage="50%" />
              </conditions>
            </line>
            <line number="378" hits="1" branch="False" />
            <line number="379" hits="1" branch="False" />
            <line number="380" hits="1" branch="False" />
            <line number="381" hits="1" branch="False" />
            <line number="382" hits="1" branch="False" />
            <line number="383" hits="1" branch="False" />
            <line number="384" hits="1" branch="False" />
            <line number="386" hits="1" branch="False" />
            <line number="388" hits="1" branch="False" />
            <line number="390" hits="0" branch="False" />
            <line number="391" hits="0" branch="False" />
            <line number="392" hits="0" branch="False" />
            <line number="393" hits="0" branch="False" />
            <line number="394" hits="0" branch="False" />
            <line number="395" hits="0" branch="False" />
            <line number="396" hits="0" branch="False" />
            <line number="397" hits="0" branch="False" />
            <line number="399" hits="1" branch="False" />
          </lines>
        </class>
        <class name="UniversityFinder.Controllers.AdminController/&lt;Delete&gt;d__19" filename="AdminController.cs" line-rate="0.625" branch-rate="0.5" complexity="2">
          <methods>
            <method name="MoveNext" signature="()" line-rate="0.625" branch-rate="0.5" complexity="2">
              <lines>
                <line number="575" hits="1" branch="False" />
                <line number="576" hits="1" branch="False" />
                <line number="577" hits="1" branch="True" condition-coverage="50% (1/2)">
                  <conditions>
                    <condition number="164" type="jump" coverage="50%" />
                  </conditions>
                </line>
                <line number="578" hits="0" branch="False" />
                <line number="579" hits="0" branch="False" />
                <line number="580" hits="0" branch="False" />
                <line number="583" hits="1" branch="False" />
                <line number="584" hits="1" branch="False" />
              </lines>
            </method>
          </methods>
          <lines>
            <line number="575" hits="1" branch="False" />
            <line number="576" hits="1" branch="False" />
            <line number="577" hits="1" branch="True" condition-coverage="50% (1/2)">
              <conditions>
                <condition number="164" type="jump" coverage="50%" />
              </conditions>
            </line>
            <line number="578" hits="0" branch="False" />
            <line number="579" hits="0" branch="False" />
            <line number="580" hits="0" branch="False" />
            <line number="583" hits="1" branch="False" />
            <line number="584" hits="1" branch="False" />
          </lines>
        </class>
        <class name="UniversityFinder.Controllers.AdminController/&lt;DeleteConfirmed&gt;d__20" filename="AdminController.cs" line-rate="0.619" branch-rate="0.6666" complexity="6">
          <methods>
            <method name="MoveNext" signature="()" line-rate="0.619" branch-rate="0.6666" complexity="6">
              <lines>
                <line number="593" hits="2" branch="False" />
                <line number="595" hits="2" branch="False" />
                <line number="596" hits="2" branch="False" />
                <line number="597" hits="2" branch="True" condition-coverage="100% (2/2)">
                  <conditions>
                    <condition number="185" type="jump" coverage="100%" />
                  </conditions>
                </line>
                <line number="598" hits="1" branch="False" />
                <line number="599" hits="1" branch="False" />
                <line number="600" hits="1" branch="False" />
                <line number="603" hits="1" branch="False" />
                <line number="605" hits="1" branch="True" condition-coverage="50% (1/2)">
                  <conditions>
                    <condition number="382" type="jump" coverage="50%" />
                  </conditions>
                </line>
                <line number="606" hits="0" branch="False" />
                <line number="607" hits="0" branch="False" />
                <line number="608" hits="0" branch="False" />
                <line number="611" hits="1" branch="False" />
                <line number="612" hits="1" branch="True" condition-coverage="50% (1/2)">
                  <conditions>
                    <condition number="523" type="jump" coverage="50%" />
                  </conditions>
                </line>
                <line number="613" hits="1" branch="False" />
                <line number="615" hits="0" branch="False" />
                <line number="616" hits="0" branch="False" />
                <line number="617" hits="0" branch="False" />
                <line number="618" hits="0" branch="False" />
                <line number="619" hits="0" branch="False" />
                <line number="621" hits="2" branch="False" />
              </lines>
            </method>
          </methods>
          <lines>
            <line number="593" hits="2" branch="False" />
            <line number="595" hits="2" branch="False" />
            <line number="596" hits="2" branch="False" />
            <line number="597" hits="2" branch="True" condition-coverage="100% (2/2)">
              <conditions>
                <condition number="185" type="jump" coverage="100%" />
              </conditions>
            </line>
            <line number="598" hits="1" branch="False" />
            <line number="599" hits="1" branch="False" />
            <line number="600" hits="1" branch="False" />
            <line number="603" hits="1" branch="False" />
            <line number="605" hits="1" branch="True" condition-coverage="50% (1/2)">
              <conditions>
                <condition number="382" type="jump" coverage="50%" />
              </conditions>
            </line>
            <line number="606" hits="0" branch="False" />
            <line number="607" hits="0" branch="False" />
            <line number="608" hits="0" branch="False" />
            <line number="611" hits="1" branch="False" />
            <line number="612" hits="1" branch="True" condition-coverage="50% (1/2)">
              <conditions>
                <condition number="523" type="jump" coverage="50%" />
              </conditions>
            </line>
            <line number="613" hits="1" branch="False" />
            <line number="615" hits="0" branch="False" />
            <line number="616" hits="0" branch="False" />
            <line number="617" hits="0" branch="False" />
            <line number="618" hits="0" branch="False" />
            <line number="619" hits="0" branch="False" />
            <line number="621" hits="2" branch="False" />
          </lines>
        </class>
        <class name="UniversityFinder.Controllers.AdminController/&lt;Edit&gt;d__17" filename="AdminController.cs" line-rate="0.8887999999999999" branch-rate="0.5" complexity="2">
          <methods>
            <method name="MoveNext" signature="()" line-rate="0.8887999999999999" branch-rate="0.5" complexity="2">
              <lines>
                <line number="496" hits="1" branch="False" />
                <line number="497" hits="1" branch="False" />
                <line number="498" hits="1" branch="True" condition-coverage="50% (1/2)">
                  <conditions>
                    <condition number="164" type="jump" coverage="50%" />
                  </conditions>
                </line>
                <line number="499" hits="1" branch="False" />
                <line number="500" hits="1" branch="False" />
                <line number="501" hits="1" branch="False" />
                <line number="502" hits="1" branch="False" />
                <line number="505" hits="0" branch="False" />
                <line number="506" hits="1" branch="False" />
              </lines>
            </method>
          </methods>
          <lines>
            <line number="496" hits="1" branch="False" />
            <line number="497" hits="1" branch="False" />
            <line number="498" hits="1" branch="True" condition-coverage="50% (1/2)">
              <conditions>
                <condition number="164" type="jump" coverage="50%" />
              </conditions>
            </line>
            <line number="499" hits="1" branch="False" />
            <line number="500" hits="1" branch="False" />
            <line number="501" hits="1" branch="False" />
            <line number="502" hits="1" branch="False" />
            <line number="505" hits="0" branch="False" />
            <line number="506" hits="1" branch="False" />
          </lines>
        </class>
        <class name="UniversityFinder.Controllers.AdminController/&lt;Edit&gt;d__18" filename="AdminController.cs" line-rate="0.6842" branch-rate="0.5909" complexity="22">
          <methods>
            <method name="MoveNext" signature="()" line-rate="0.6842" branch-rate="0.5909" complexity="22">
              <lines>
                <line number="514" hits="3" branch="False" />
                <line number="515" hits="3" branch="True" condition-coverage="50% (1/2)">
                  <conditions>
                    <condition number="37" type="jump" coverage="50%" />
                  </conditions>
                </line>
                <line number="516" hits="0" branch="False" />
                <line number="517" hits="0" branch="False" />
                <line number="520" hits="3" branch="True" condition-coverage="50% (1/2)">
                  <conditions>
                    <condition number="81" type="jump" coverage="50%" />
                  </conditions>
                </line>
                <line number="521" hits="0" branch="False" />
                <line number="522" hits="0" branch="False" />
                <line number="523" hits="0" branch="False" />
                <line number="527" hits="3" branch="False" />
                <line number="528" hits="3" branch="False" />
                <line number="529" hits="3" branch="True" condition-coverage="50% (1/2)">
                  <conditions>
                    <condition number="321" type="jump" coverage="50%" />
                  </conditions>
                </line>
                <line number="530" hits="0" branch="False" />
                <line number="531" hits="0" branch="False" />
                <line number="532" hits="0" branch="False" />
                <line number="536" hits="3" branch="True" condition-coverage="100% (2/2)">
                  <conditions>
                    <condition number="404" type="jump" coverage="100%" />
                  </conditions>
                </line>
                <line number="537" hits="3" branch="False" />
                <line number="538" hits="3" branch="False" />
                <line number="539" hits="3" branch="True" condition-coverage="83.33% (5/6)">
                  <conditions>
                    <condition number="561" type="jump" coverage="100%" />
                    <condition number="591" type="jump" coverage="50%" />
                    <condition number="617" type="jump" coverage="100%" />
                  </conditions>
                </line>
                <line number="540" hits="1" branch="False" />
                <line number="541" hits="1" branch="False" />
                <line number="542" hits="1" branch="False" />
                <line number="544" hits="2" branch="False" />
                <line number="546" hits="2" branch="True" condition-coverage="50% (1/2)">
                  <conditions>
                    <condition number="698" type="jump" coverage="50%" />
                  </conditions>
                </line>
                <line number="547" hits="0" branch="True" condition-coverage="0% (0/2)">
                  <conditions>
                    <condition number="722" type="jump" coverage="0%" />
                  </conditions>
                </line>
                <line number="550" hits="2" branch="False" />
                <line number="552" hits="1" branch="True" condition-coverage="50% (1/2)">
                  <conditions>
                    <condition number="907" type="jump" coverage="50%" />
                  </conditions>
                </line>
                <line number="553" hits="0" branch="False" />
                <line number="554" hits="0" branch="False" />
                <line number="555" hits="0" branch="False" />
                <line number="558" hits="1" branch="False" />
                <line number="559" hits="1" branch="True" condition-coverage="50% (1/2)">
                  <conditions>
                    <condition number="1049" type="jump" coverage="50%" />
                  </conditions>
                </line>
                <line number="560" hits="1" branch="False" />
                <line number="562" hits="1" branch="False" />
                <line number="563" hits="1" branch="False" />
                <line number="564" hits="1" branch="False" />
                <line number="565" hits="1" branch="False" />
                <line number="566" hits="1" branch="False" />
                <line number="568" hits="3" branch="False" />
              </lines>
            </method>
          </methods>
          <lines>
            <line number="514" hits="3" branch="False" />
            <line number="515" hits="3" branch="True" condition-coverage="50% (1/2)">
              <conditions>
                <condition number="37" type="jump" coverage="50%" />
              </conditions>
            </line>
            <line number="516" hits="0" branch="False" />
            <line number="517" hits="0" branch="False" />
            <line number="520" hits="3" branch="True" condition-coverage="50% (1/2)">
              <conditions>
                <condition number="81" type="jump" coverage="50%" />
              </conditions>
            </line>
            <line number="521" hits="0" branch="False" />
            <line number="522" hits="0" branch="False" />
            <line number="523" hits="0" branch="False" />
            <line number="527" hits="3" branch="False" />
            <line number="528" hits="3" branch="False" />
            <line number="529" hits="3" branch="True" condition-coverage="50% (1/2)">
              <conditions>
                <condition number="321" type="jump" coverage="50%" />
              </conditions>
            </line>
            <line number="530" hits="0" branch="False" />
            <line number="531" hits="0" branch="False" />
            <line number="532" hits="0" branch="False" />
            <line number="536" hits="3" branch="True" condition-coverage="100% (2/2)">
              <conditions>
                <condition number="404" type="jump" coverage="100%" />
              </conditions>
            </line>
            <line number="537" hits="3" branch="False" />
            <line number="538" hits="3" branch="False" />
            <line number="539" hits="3" branch="True" condition-coverage="83.33% (5/6)">
              <conditions>
                <condition number="561" type="jump" coverage="100%" />
                <condition number="591" type="jump" coverage="50%" />
                <condition number="617" type="jump" coverage="100%" />
              </conditions>
            </line>
            <line number="540" hits="1" branch="False" />
            <line number="541" hits="1" branch="False" />
            <line number="542" hits="1" branch="False" />
            <line number="544" hits="2" branch="False" />
            <line number="546" hits="2" branch="True" condition-coverage="50% (1/2)">
              <conditions>
                <condition number="698" type="jump" coverage="50%" />
              </conditions>
            </line>
            <line number="547" hits="0" branch="True" condition-coverage="0% (0/2)">
              <conditions>
                <condition number="722" type="jump" coverage="0%" />
              </conditions>
            </line>
            <line number="550" hits="2" branch="False" />
            <line number="552" hits="1" branch="True" condition-coverage="50% (1/2)">
              <conditions>
                <condition number="907" type="jump" coverage="50%" />
              </conditions>
            </line>
            <line number="553" hits="0" branch="False" />
            <line number="554" hits="0" branch="False" />
            <line number="555" hits="0" branch="False" />
            <line number="558" hits="1" branch="False" />
            <line number="559" hits="1" branch="True" condition-coverage="50% (1/2)">
              <conditions>
                <condition number="1049" type="jump" coverage="50%" />
              </conditions>
            </line>
            <line number="560" hits="1" branch="False" />
            <line number="562" hits="1" branch="False" />
            <line number="563" hits="1" branch="False" />
            <line number="564" hits="1" branch="False" />
            <line number="565" hits="1" branch="False" />
            <line number="566" hits="1" branch="False" />
            <line number="568" hits="3" branch="False" />
          </lines>
        </class>
        <class name="UniversityFinder.Controllers.AdminController/&lt;GetSyncStatus&gt;d__11" filename="AdminController.cs" line-rate="1" branch-rate="1" complexity="1">
          <methods>
            <method name="MoveNext" signature="()" line-rate="1" branch-rate="1" complexity="1">
              <lines>
                <line number="242" hits="1" branch="False" />
                <line number="246" hits="1" branch="False" />
                <line number="247" hits="1" branch="False" />
                <line number="248" hits="1" branch="False" />
                <line number="249" hits="1" branch="False" />
                <line number="250" hits="1" branch="False" />
                <line number="251" hits="1" branch="False" />
                <line number="252" hits="1" branch="False" />
                <line number="253" hits="1" branch="False" />
                <line number="254" hits="1" branch="False" />
                <line number="255" hits="1" branch="False" />
                <line number="256" hits="1" branch="False" />
                <line number="257" hits="1" branch="False" />
                <line number="258" hits="1" branch="False" />
                <line number="362" hits="1" branch="False" />
              </lines>
            </method>
          </methods>
          <lines>
            <line number="242" hits="1" branch="False" />
            <line number="246" hits="1" branch="False" />
            <line number="247" hits="1" branch="False" />
            <line number="248" hits="1" branch="False" />
            <line number="249" hits="1" branch="False" />
            <line number="250" hits="1" branch="False" />
            <line number="251" hits="1" branch="False" />
            <line number="252" hits="1" branch="False" />
            <line number="253" hits="1" branch="False" />
            <line number="254" hits="1" branch="False" />
            <line number="255" hits="1" branch="False" />
            <line number="256" hits="1" branch="False" />
            <line number="257" hits="1" branch="False" />
            <line number="258" hits="1" branch="False" />
            <line number="362" hits="1" branch="False" />
          </lines>
        </class>
        <class name="UniversityFinder.Controllers.AdminController/&lt;Index&gt;d__14" filename="AdminController.cs" line-rate="1" branch-rate="1" complexity="1">
          <methods>
            <method name="MoveNext" signature="()" line-rate="1" branch-rate="1" complexity="1">
              <lines>
                <line number="434" hits="1" branch="False" />
                <line number="435" hits="1" branch="False" />
                <line number="436" hits="1" branch="False" />
                <line number="437" hits="1" branch="False" />
              </lines>
            </method>
          </methods>
          <lines>
            <line number="434" hits="1" branch="False" />
            <line number="435" hits="1" branch="False" />
            <line number="436" hits="1" branch="False" />
            <line number="437" hits="1" branch="False" />
          </lines>
        </class>
        <class name="UniversityFinder.Controllers.AdminController/&lt;ManagePrograms&gt;d__21" filename="AdminController.cs" line-rate="1" branch-rate="0.875" complexity="8">
          <methods>
            <method name="MoveNext" signature="()" line-rate="1" branch-rate="0.875" complexity="8">
              <lines>
                <line number="627" hits="1" branch="False" />
                <line number="628" hits="1" branch="False" />
                <line number="629" hits="1" branch="True" condition-coverage="50% (1/2)">
                  <conditions>
                    <condition number="198" type="jump" coverage="50%" />
                  </conditions>
                </line>
                <line number="631" hits="1" branch="False" />
                <line number="632" hits="1" branch="False" />
                <line number="634" hits="1" branch="False" />
                <line number="636" hits="1" branch="True" condition-coverage="100% (2/2)">
                  <conditions>
                    <condition number="632" type="jump" coverage="100%" />
                  </conditions>
                </line>
                <line number="637" hits="1" branch="True" condition-coverage="100% (2/2)">
                  <conditions>
                    <condition number="736" type="jump" coverage="100%" />
                  </conditions>
                </line>
                <line number="638" hits="1" branch="True" condition-coverage="100% (2/2)">
                  <conditions>
                    <condition number="840" type="jump" coverage="100%" />
                  </conditions>
                </line>
                <line number="640" hits="1" branch="False" />
                <line number="641" hits="1" branch="False" />
              </lines>
            </method>
          </methods>
          <lines>
            <line number="627" hits="1" branch="False" />
            <line number="628" hits="1" branch="False" />
            <line number="629" hits="1" branch="True" condition-coverage="50% (1/2)">
              <conditions>
                <condition number="198" type="jump" coverage="50%" />
              </conditions>
            </line>
            <line number="631" hits="1" branch="False" />
            <line number="632" hits="1" branch="False" />
            <line number="634" hits="1" branch="False" />
            <line number="636" hits="1" branch="True" condition-coverage="100% (2/2)">
              <conditions>
                <condition number="632" type="jump" coverage="100%" />
              </conditions>
            </line>
            <line number="637" hits="1" branch="True" condition-coverage="100% (2/2)">
              <conditions>
                <condition number="736" type="jump" coverage="100%" />
              </conditions>
            </line>
            <line number="638" hits="1" branch="True" condition-coverage="100% (2/2)">
              <conditions>
                <condition number="840" type="jump" coverage="100%" />
              </conditions>
            </line>
            <line number="640" hits="1" branch="False" />
            <line number="641" hits="1" branch="False" />
          </lines>
        </class>
        <class name="UniversityFinder.Controllers.AdminController/&lt;ReconcileSubjectCategoriesFromNacid&gt;d__8" filename="AdminController.cs" line-rate="0.6428" branch-rate="1" complexity="1">
          <methods>
            <method name="MoveNext" signature="()" line-rate="0.6428" branch-rate="1" complexity="1">
              <lines>
                <line number="115" hits="1" branch="False" />
                <line number="117" hits="1" branch="False" />
                <line number="118" hits="1" branch="False" />
                <line number="119" hits="1" branch="False" />
                <line number="120" hits="1" branch="False" />
                <line number="121" hits="1" branch="False" />
                <line number="122" hits="1" branch="False" />
                <line number="123" hits="0" branch="False" />
                <line number="124" hits="0" branch="False" />
                <line number="125" hits="0" branch="False" />
                <line number="126" hits="0" branch="False" />
                <line number="127" hits="0" branch="False" />
                <line number="129" hits="1" branch="False" />
                <line number="130" hits="1" branch="False" />
              </lines>
            </method>
          </methods>
          <lines>
            <line number="115" hits="1" branch="False" />
            <line number="117" hits="1" branch="False" />
            <line number="118" hits="1" branch="False" />
            <line number="119" hits="1" branch="False" />
            <line number="120" hits="1" branch="False" />
            <line number="121" hits="1" branch="False" />
            <line number="122" hits="1" branch="False" />
            <line number="123" hits="0" branch="False" />
            <line number="124" hits="0" branch="False" />
            <line number="125" hits="0" branch="False" />
            <line number="126" hits="0" branch="False" />
            <line number="127" hits="0" branch="False" />
            <line number="129" hits="1" branch="False" />
            <line number="130" hits="1" branch="False" />
          </lines>
        </class>
        <class name="UniversityFinder.Controllers.AdminController/&lt;RemoveProgram&gt;d__23" filename="AdminController.cs" line-rate="0.7272" branch-rate="0.5" complexity="2">
          <methods>
            <method name="MoveNext" signature="()" line-rate="0.7272" branch-rate="0.5" complexity="2">
              <lines>
                <line number="708" hits="1" branch="False" />
                <line number="709" hits="1" branch="False" />
                <line number="710" hits="1" branch="True" condition-coverage="50% (1/2)">
                  <conditions>
                    <condition number="154" type="jump" coverage="50%" />
                  </conditions>
                </line>
                <line number="711" hits="1" branch="False" />
                <line number="712" hits="1" branch="False" />
                <line number="713" hits="1" branch="False" />
                <line number="715" hits="0" branch="False" />
                <line number="716" hits="0" branch="False" />
                <line number="717" hits="0" branch="False" />
                <line number="718" hits="1" branch="False" />
                <line number="719" hits="1" branch="False" />
              </lines>
            </method>
          </methods>
          <lines>
            <line number="708" hits="1" branch="False" />
            <line number="709" hits="1" branch="False" />
            <line number="710" hits="1" branch="True" condition-coverage="50% (1/2)">
              <conditions>
                <condition number="154" type="jump" coverage="50%" />
              </conditions>
            </line>
            <line number="711" hits="1" branch="False" />
            <line number="712" hits="1" branch="False" />
            <line number="713" hits="1" branch="False" />
            <line number="715" hits="0" branch="False" />
            <line number="716" hits="0" branch="False" />
            <line number="717" hits="0" branch="False" />
            <line number="718" hits="1" branch="False" />
            <line number="719" hits="1" branch="False" />
          </lines>
        </class>
        <class name="UniversityFinder.Controllers.AdminController/&lt;SeedCategories&gt;d__5" filename="AdminController.cs" line-rate="0.909" branch-rate="0.8332999999999999" complexity="6">
          <methods>
            <method name="MoveNext" signature="()" line-rate="0.909" branch-rate="0.8332999999999999" complexity="6">
              <lines>
                <line number="40" hits="1" branch="False" />
                <line number="41" hits="1" branch="False" />
                <line number="42" hits="1" branch="False" />
                <line number="43" hits="1" branch="False" />
                <line number="44" hits="1" branch="False" />
                <line number="45" hits="1" branch="False" />
                <line number="46" hits="1" branch="False" />
                <line number="47" hits="1" branch="False" />
                <line number="48" hits="1" branch="False" />
                <line number="49" hits="1" branch="False" />
                <line number="50" hits="1" branch="False" />
                <line number="51" hits="1" branch="False" />
                <line number="52" hits="1" branch="False" />
                <line number="54" hits="1" branch="False" />
                <line number="55" hits="1" branch="False" />
                <line number="56" hits="1" branch="False" />
                <line number="57" hits="21" branch="True" condition-coverage="100% (2/2)">
                  <conditions>
                    <condition number="723" type="jump" coverage="100%" />
                  </conditions>
                </line>
                <line number="58" hits="9" branch="False" />
                <line number="60" hits="9" branch="False" />
                <line number="61" hits="9" branch="False" />
                <line number="62" hits="9" branch="True" condition-coverage="50% (1/2)">
                  <conditions>
                    <condition number="569" type="jump" coverage="50%" />
                  </conditions>
                </line>
                <line number="63" hits="9" branch="False" />
                <line number="64" hits="9" branch="False" />
                <line number="65" hits="9" branch="False" />
                <line number="66" hits="9" branch="False" />
                <line number="68" hits="0" branch="False" />
                <line number="69" hits="0" branch="False" />
                <line number="70" hits="0" branch="False" />
                <line number="71" hits="9" branch="False" />
                <line number="72" hits="9" branch="False" />
                <line number="74" hits="1" branch="False" />
                <line number="75" hits="1" branch="False" />
                <line number="76" hits="1" branch="False" />
              </lines>
            </method>
          </methods>
          <lines>
            <line number="40" hits="1" branch="False" />
            <line number="41" hits="1" branch="False" />
            <line number="42" hits="1" branch="False" />
            <line number="43" hits="1" branch="False" />
            <line number="44" hits="1" branch="False" />
            <line number="45" hits="1" branch="False" />
            <line number="46" hits="1" branch="False" />
            <line number="47" hits="1" branch="False" />
            <line number="48" hits="1" branch="False" />
            <line number="49" hits="1" branch="False" />
            <line number="50" hits="1" branch="False" />
            <line number="51" hits="1" branch="False" />
            <line number="52" hits="1" branch="False" />
            <line number="54" hits="1" branch="False" />
            <line number="55" hits="1" branch="False" />
            <line number="56" hits="1" branch="False" />
            <line number="57" hits="21" branch="True" condition-coverage="100% (2/2)">
              <conditions>
                <condition number="723" type="jump" coverage="100%" />
              </conditions>
            </line>
            <line number="58" hits="9" branch="False" />
            <line number="60" hits="9" branch="False" />
            <line number="61" hits="9" branch="False" />
            <line number="62" hits="9" branch="True" condition-coverage="50% (1/2)">
              <conditions>
                <condition number="569" type="jump" coverage="50%" />
              </conditions>
            </line>
            <line number="63" hits="9" branch="False" />
            <line number="64" hits="9" branch="False" />
            <line number="65" hits="9" branch="False" />
            <line number="66" hits="9" branch="False" />
            <line number="68" hits="0" branch="False" />
            <line number="69" hits="0" branch="False" />
            <line number="70" hits="0" branch="False" />
            <line number="71" hits="9" branch="False" />
            <line number="72" hits="9" branch="False" />
            <line number="74" hits="1" branch="False" />
            <line number="75" hits="1" branch="False" />
            <line number="76" hits="1" branch="False" />
          </lines>
        </class>
        <class name="UniversityFinder.Controllers.AdminController/&lt;Sync&gt;d__4" filename="AdminController.cs" line-rate="1" branch-rate="1" complexity="2">
          <methods>
            <method name="MoveNext" signature="()" line-rate="1" branch-rate="1" complexity="2">
              <lines>
                <line number="27" hits="1" branch="False" />
                <line number="30" hits="1" branch="True" condition-coverage="100% (2/2)">
                  <conditions>
                    <condition number="13" type="jump" coverage="100%" />
                  </conditions>
                </line>
                <line number="35" hits="1" branch="False" />
                <line number="36" hits="1" branch="False" />
              </lines>
            </method>
          </methods>
          <lines>
            <line number="27" hits="1" branch="False" />
            <line number="30" hits="1" branch="True" condition-coverage="100% (2/2)">
              <conditions>
                <condition number="13" type="jump" coverage="100%" />
              </conditions>
            </line>
            <line number="35" hits="1" branch="False" />
            <line number="36" hits="1" branch="False" />
          </lines>
        </class>
        <class name="UniversityFinder.Controllers.AdminController/&lt;SyncFromNacid&gt;d__7" filename="AdminController.cs" line-rate="1" branch-rate="1" complexity="1">
          <methods>
            <method name="MoveNext" signature="()" line-rate="1" branch-rate="1" complexity="1">
              <lines>
                <line number="94" hits="2" branch="False" />
                <line number="96" hits="2" branch="False" />
                <line number="97" hits="2" branch="False" />
                <line number="98" hits="1" branch="False" />
                <line number="99" hits="1" branch="False" />
                <line number="100" hits="1" branch="False" />
                <line number="101" hits="1" branch="False" />
                <line number="102" hits="1" branch="False" />
                <line number="103" hits="1" branch="False" />
                <line number="104" hits="1" branch="False" />
                <line number="105" hits="1" branch="False" />
                <line number="106" hits="2" branch="False" />
                <line number="107" hits="2" branch="False" />
              </lines>
            </method>
          </methods>
          <lines>
            <line number="94" hits="2" branch="False" />
            <line number="96" hits="2" branch="False" />
            <line number="97" hits="2" branch="False" />
            <line number="98" hits="1" branch="False" />
            <line number="99" hits="1" branch="False" />
            <line number="100" hits="1" branch="False" />
            <line number="101" hits="1" branch="False" />
            <line number="102" hits="1" branch="False" />
            <line number="103" hits="1" branch="False" />
            <line number="104" hits="1" branch="False" />
            <line number="105" hits="1" branch="False" />
            <line number="106" hits="2" branch="False" />
            <line number="107" hits="2" branch="False" />
          </lines>
        </class>
        <class name="UniversityFinder.Controllers.AdminController/&lt;SyncFromRvu&gt;d__6" filename="AdminController.cs" line-rate="1" branch-rate="1" complexity="1">
          <methods>
            <method name="MoveNext" signature="()" line-rate="1" branch-rate="1" complexity="1">
              <lines>
                <line number="85" hits="1" branch="False" />
                <line number="86" hits="1" branch="False" />
                <line number="87" hits="1" branch="False" />
                <line number="88" hits="1" branch="False" />
                <line number="89" hits="1" branch="False" />
              </lines>
            </method>
          </methods>
          <lines>
            <line number="85" hits="1" branch="False" />
            <line number="86" hits="1" branch="False" />
            <line number="87" hits="1" branch="False" />
            <line number="88" hits="1" branch="False" />
            <line number="89" hits="1" branch="False" />
          </lines>
        </class>
        <class name="UniversityFinder.Controllers.AdminController/&lt;SyncPrograms&gt;d__10" filename="AdminController.cs" line-rate="0" branch-rate="1" complexity="1">
          <methods>
            <method name="MoveNext" signature="()" line-rate="0" branch-rate="1" complexity="1">
              <lines>
                <line number="174" hits="0" branch="False" />
                <line number="177" hits="0" branch="False" />
                <line number="178" hits="0" branch="False" />
                <line number="179" hits="0" branch="False" />
                <line number="238" hits="0" branch="False" />
              </lines>
            </method>
          </methods>
          <lines>
            <line number="174" hits="0" branch="False" />
            <line number="177" hits="0" branch="False" />
            <line number="178" hits="0" branch="False" />
            <line number="179" hits="0" branch="False" />
            <line number="238" hits="0" branch="False" />
          </lines>
        </class>
        <class name="UniversityFinder.Controllers.AdminController/&lt;SyncUniversities&gt;d__9" filename="AdminController.cs" line-rate="0" branch-rate="1" complexity="1">
          <methods>
            <method name="MoveNext" signature="()" line-rate="0" branch-rate="1" complexity="1">
              <lines>
                <line number="135" hits="0" branch="False" />
                <line number="138" hits="0" branch="False" />
                <line number="139" hits="0" branch="False" />
                <line number="140" hits="0" branch="False" />
                <line number="169" hits="0" branch="False" />
              </lines>
            </method>
          </methods>
          <lines>
            <line number="135" hits="0" branch="False" />
            <line number="138" hits="0" branch="False" />
            <line number="139" hits="0" branch="False" />
            <line number="140" hits="0" branch="False" />
            <line number="169" hits="0" branch="False" />
          </lines>
        </class>
        <class name="UniversityFinder.Controllers.AdminController/&lt;UpdateProgram&gt;d__24" filename="AdminController.cs" line-rate="0" branch-rate="0" complexity="2">
          <methods>
            <method name="MoveNext" signature="()" line-rate="0" branch-rate="0" complexity="2">
              <lines>
                <line number="724" hits="0" branch="False" />
                <line number="725" hits="0" branch="False" />
                <line number="726" hits="0" branch="True" condition-coverage="0% (0/2)">
                  <conditions>
                    <condition number="172" type="jump" coverage="0%" />
                  </conditions>
                </line>
                <line number="727" hits="0" branch="False" />
                <line number="728" hits="0" branch="False" />
                <line number="729" hits="0" branch="False" />
                <line number="731" hits="0" branch="False" />
                <line number="732" hits="0" branch="False" />
                <line number="733" hits="0" branch="False" />
                <line number="735" hits="0" branch="False" />
                <line number="736" hits="0" branch="False" />
              </lines>
            </method>
          </methods>
          <lines>
            <line number="724" hits="0" branch="False" />
            <line number="725" hits="0" branch="False" />
            <line number="726" hits="0" branch="True" condition-coverage="0% (0/2)">
              <conditions>
                <condition number="172" type="jump" coverage="0%" />
              </conditions>
            </line>
            <line number="727" hits="0" branch="False" />
            <line number="728" hits="0" branch="False" />
            <line number="729" hits="0" branch="False" />
            <line number="731" hits="0" branch="False" />
            <line number="732" hits="0" branch="False" />
            <line number="733" hits="0" branch="False" />
            <line number="735" hits="0" branch="False" />
            <line number="736" hits="0" branch="False" />
          </lines>
        </class>
        <class name="UniversityFinder.Controllers.ChatController" filename="ChatController.cs" line-rate="1" branch-rate="1" complexity="1">
          <methods>
            <method name=".ctor" signature="(UniversityFinder.Services.OpenAiService,Microsoft.Extensions.Logging.ILogger`1&lt;UniversityFinder.Controllers.ChatController&gt;)" line-rate="1" branch-rate="1" complexity="1">
              <lines>
                <line number="14" hits="3" branch="False" />
                <line number="15" hits="3" branch="False" />
                <line number="16" hits="3" branch="False" />
                <line number="17" hits="3" branch="False" />
                <line number="18" hits="3" branch="False" />
              </lines>
            </method>
          </methods>
          <lines>
            <line number="14" hits="3" branch="False" />
            <line number="15" hits="3" branch="False" />
            <line number="16" hits="3" branch="False" />
            <line number="17" hits="3" branch="False" />
            <line number="18" hits="3" branch="False" />
          </lines>
        </class>
        <class name="UniversityFinder.Controllers.ChatController/&lt;SendMessage&gt;d__3" filename="ChatController.cs" line-rate="0.7333" branch-rate="1" complexity="2">
          <methods>
            <method name="MoveNext" signature="()" line-rate="0.7333" branch-rate="1" complexity="2">
              <lines>
                <line number="22" hits="3" branch="False" />
                <line number="24" hits="3" branch="False" />
                <line number="25" hits="3" branch="True" condition-coverage="100% (2/2)">
                  <conditions>
                    <condition number="45" type="jump" coverage="100%" />
                  </conditions>
                </line>
                <line number="26" hits="1" branch="False" />
                <line number="27" hits="1" branch="False" />
                <line number="30" hits="2" branch="False" />
                <line number="31" hits="2" branch="False" />
                <line number="32" hits="2" branch="False" />
                <line number="33" hits="2" branch="False" />
                <line number="35" hits="2" branch="False" />
                <line number="37" hits="0" branch="False" />
                <line number="38" hits="0" branch="False" />
                <line number="39" hits="0" branch="False" />
                <line number="40" hits="0" branch="False" />
                <line number="42" hits="3" branch="False" />
              </lines>
            </method>
          </methods>
          <lines>
            <line number="22" hits="3" branch="False" />
            <line number="24" hits="3" branch="False" />
            <line number="25" hits="3" branch="True" condition-coverage="100% (2/2)">
              <conditions>
                <condition number="45" type="jump" coverage="100%" />
              </conditions>
            </line>
            <line number="26" hits="1" branch="False" />
            <line number="27" hits="1" branch="False" />
            <line number="30" hits="2" branch="False" />
            <line number="31" hits="2" branch="False" />
            <line number="32" hits="2" branch="False" />
            <line number="33" hits="2" branch="False" />
            <line number="35" hits="2" branch="False" />
            <line number="37" hits="0" branch="False" />
            <line number="38" hits="0" branch="False" />
            <line number="39" hits="0" branch="False" />
            <line number="40" hits="0" branch="False" />
            <line number="42" hits="3" branch="False" />
          </lines>
        </class>
        <class name="UniversityFinder.Controllers.HomeController" filename="HomeController.cs" line-rate="1" branch-rate="0.75" complexity="6">
          <methods>
            <method name="Privacy" signature="()" line-rate="1" branch-rate="1" complexity="1">
              <lines>
                <line number="40" hits="1" branch="False" />
                <line number="41" hits="1" branch="False" />
                <line number="42" hits="1" branch="False" />
              </lines>
            </method>
            <method name="Error" signature="()" line-rate="1" branch-rate="0.75" complexity="4">
              <lines>
                <line number="46" hits="1" branch="False" />
                <line number="47" hits="1" branch="True" condition-coverage="75% (3/4)">
                  <conditions>
                    <condition number="14" type="jump" coverage="50%" />
                    <condition number="26" type="jump" coverage="100%" />
                  </conditions>
                </line>
                <line number="48" hits="1" branch="False" />
              </lines>
            </method>
            <method name=".ctor" signature="(Microsoft.Extensions.Logging.ILogger`1&lt;UniversityFinder.Controllers.HomeController&gt;,UniversityFinder.Services.SupabaseService)" line-rate="1" branch-rate="1" complexity="1">
              <lines>
                <line number="13" hits="3" branch="False" />
                <line number="14" hits="3" branch="False" />
                <line number="15" hits="3" branch="False" />
                <line number="16" hits="3" branch="False" />
                <line number="17" hits="3" branch="False" />
              </lines>
            </method>
          </methods>
          <lines>
            <line number="40" hits="1" branch="False" />
            <line number="41" hits="1" branch="False" />
            <line number="42" hits="1" branch="False" />
            <line number="46" hits="1" branch="False" />
            <line number="47" hits="1" branch="True" condition-coverage="75% (3/4)">
              <conditions>
                <condition number="14" type="jump" coverage="50%" />
                <condition number="26" type="jump" coverage="100%" />
              </conditions>
            </line>
            <line number="48" hits="1" branch="False" />
            <line number="13" hits="3" branch="False" />
            <line number="14" hits="3" branch="False" />
            <line number="15" hits="3" branch="False" />
            <line number="16" hits="3" branch="False" />
            <line number="17" hits="3" branch="False" />
          </lines>
        </class>
        <class name="UniversityFinder.Controllers.HomeController/&lt;&gt;c" filename="HomeController.cs" line-rate="1" branch-rate="1" complexity="2">
          <methods>
            <method name="&lt;Index&gt;b__3_0" signature="(UniversityFinder.Models.City)" line-rate="1" branch-rate="1" complexity="1">
              <lines>
                <line number="24" hits="1" branch="False" />
              </lines>
            </method>
            <method name="&lt;Index&gt;b__3_1" signature="(System.String)" line-rate="1" branch-rate="1" complexity="1">
              <lines>
                <line number="25" hits="1" branch="False" />
              </lines>
            </method>
          </methods>
          <lines>
            <line number="24" hits="1" branch="False" />
            <line number="25" hits="1" branch="False" />
          </lines>
        </class>
        <class name="UniversityFinder.Controllers.HomeController/&lt;Index&gt;d__3" filename="HomeController.cs" line-rate="1" branch-rate="1" complexity="8">
          <methods>
            <method name="MoveNext" signature="()" line-rate="1" branch-rate="1" complexity="8">
              <lines>
                <line number="20" hits="1" branch="False" />
                <line number="22" hits="1" branch="False" />
                <line number="23" hits="1" branch="False" />
                <line number="26" hits="1" branch="False" />
                <line number="27" hits="1" branch="False" />
                <line number="29" hits="1" branch="True" condition-coverage="100% (2/2)">
                  <conditions>
                    <condition number="288" type="jump" coverage="100%" />
                  </conditions>
                </line>
                <line number="32" hits="1" branch="True" condition-coverage="100% (2/2)">
                  <conditions>
                    <condition number="392" type="jump" coverage="100%" />
                  </conditions>
                </line>
                <line number="33" hits="1" branch="True" condition-coverage="100% (2/2)">
                  <conditions>
                    <condition number="668" type="jump" coverage="100%" />
                  </conditions>
                </line>
                <line number="34" hits="1" branch="True" condition-coverage="100% (2/2)">
                  <conditions>
                    <condition number="944" type="jump" coverage="100%" />
                  </conditions>
                </line>
                <line number="36" hits="1" branch="False" />
                <line number="37" hits="1" branch="False" />
              </lines>
            </method>
          </methods>
          <lines>
            <line number="20" hits="1" branch="False" />
            <line number="22" hits="1" branch="False" />
            <line number="23" hits="1" branch="False" />
            <line number="26" hits="1" branch="False" />
            <line number="27" hits="1" branch="False" />
            <line number="29" hits="1" branch="True" condition-coverage="100% (2/2)">
              <conditions>
                <condition number="288" type="jump" coverage="100%" />
              </conditions>
            </line>
            <line number="32" hits="1" branch="True" condition-coverage="100% (2/2)">
              <conditions>
                <condition number="392" type="jump" coverage="100%" />
              </conditions>
            </line>
            <line number="33" hits="1" branch="True" condition-coverage="100% (2/2)">
              <conditions>
                <condition number="668" type="jump" coverage="100%" />
              </conditions>
            </line>
            <line number="34" hits="1" branch="True" condition-coverage="100% (2/2)">
              <conditions>
                <condition number="944" type="jump" coverage="100%" />
              </conditions>
            </line>
            <line number="36" hits="1" branch="False" />
            <line number="37" hits="1" branch="False" />
          </lines>
        </class>
        <class name="UniversityFinder.Controllers.UniversityController" filename="UniversityController.cs" line-rate="1" branch-rate="1" complexity="2">
          <methods>
            <method name="GetCurrentUserId" signature="()" line-rate="1" branch-rate="1" complexity="1">
              <lines>
                <line number="33" hits="5" branch="False" />
                <line number="34" hits="5" branch="False" />
                <line number="35" hits="5" branch="False" />
              </lines>
            </method>
            <method name=".ctor" signature="(UniversityFinder.Services.IUserFavoriteService,UniversityFinder.Services.IUserSearchHistoryService,UniversityFinder.Services.IUserUniversityHistoryService,UniversityFinder.Services.SupabaseService,Microsoft.Extensions.Logging.ILogger`1&lt;UniversityFinder.Controllers.UniversityController&gt;)" line-rate="1" branch-rate="1" complexity="1">
              <lines>
                <line number="18" hits="14" branch="False" />
                <line number="19" hits="14" branch="False" />
                <line number="20" hits="14" branch="False" />
                <line number="21" hits="14" branch="False" />
                <line number="22" hits="14" branch="False" />
                <line number="23" hits="14" branch="False" />
                <line number="24" hits="14" branch="False" />
                <line number="25" hits="14" branch="False" />
                <line number="26" hits="14" branch="False" />
                <line number="27" hits="14" branch="False" />
                <line number="28" hits="14" branch="False" />
                <line number="29" hits="14" branch="False" />
                <line number="30" hits="14" branch="False" />
              </lines>
            </method>
          </methods>
          <lines>
            <line number="33" hits="5" branch="False" />
            <line number="34" hits="5" branch="False" />
            <line number="35" hits="5" branch="False" />
            <line number="18" hits="14" branch="False" />
            <line number="19" hits="14" branch="False" />
            <line number="20" hits="14" branch="False" />
            <line number="21" hits="14" branch="False" />
            <line number="22" hits="14" branch="False" />
            <line number="23" hits="14" branch="False" />
            <line number="24" hits="14" branch="False" />
            <line number="25" hits="14" branch="False" />
            <line number="26" hits="14" branch="False" />
            <line number="27" hits="14" branch="False" />
            <line number="28" hits="14" branch="False" />
            <line number="29" hits="14" branch="False" />
            <line number="30" hits="14" branch="False" />
          </lines>
        </class>
        <class name="UniversityFinder.Controllers.UniversityController/&lt;&gt;c" filename="UniversityController.cs" line-rate="0.8665999999999999" branch-rate="1" complexity="8">
          <methods>
            <method name="&lt;Index&gt;b__7_0" signature="(UniversityFinder.Models.City)" line-rate="1" branch-rate="1" complexity="1">
              <lines>
                <line number="108" hits="3" branch="False" />
              </lines>
            </method>
            <method name="&lt;Index&gt;b__7_1" signature="(System.String)" line-rate="1" branch-rate="1" complexity="1">
              <lines>
                <line number="109" hits="3" branch="False" />
              </lines>
            </method>
[...]
                <line number="113" hits="3" branch="False" />
                <line number="115" hits="3" branch="False" />
                <line number="116" hits="3" branch="False" />
                <line number="117" hits="3" branch="True" condition-coverage="75% (3/4)">
                  <conditions>
                    <condition number="2072" type="jump" coverage="100%" />
                    <condition number="2087" type="jump" coverage="50%" />
                  </conditions>
                </line>
                <line number="118" hits="0" branch="False" />
                <line number="119" hits="0" branch="False" />
                <line number="120" hits="0" branch="True" condition-coverage="0% (0/2)">
                  <conditions>
                    <condition number="2128" type="jump" coverage="0%" />
                  </conditions>
                </line>
                <line number="121" hits="0" branch="False" />
                <line number="122" hits="0" branch="False" />
                <line number="123" hits="0" branch="False" />
                <line number="126" hits="0" branch="False" />
                <line number="128" hits="0" branch="False" />
                <line number="129" hits="0" branch="False" />
                <line number="130" hits="0" branch="False" />
                <line number="132" hits="3" branch="True" condition-coverage="100% (2/2)">
                  <conditions>
                    <condition number="2525" type="jump" coverage="100%" />
                  </conditions>
                </line>
                <line number="134" hits="3" branch="False" />
                <line number="135" hits="3" branch="False" />
                <line number="136" hits="3" branch="False" />
                <line number="137" hits="3" branch="False" />
                <line number="138" hits="3" branch="False" />
                <line number="139" hits="3" branch="False" />
                <line number="140" hits="3" branch="False" />
                <line number="141" hits="3" branch="False" />
                <line number="142" hits="3" branch="False" />
                <line number="143" hits="3" branch="False" />
                <line number="145" hits="3" branch="False" />
                <line number="146" hits="3" branch="False" />
              </lines>
            </method>
          </methods>
          <lines>
            <line number="44" hits="3" branch="False" />
            <line number="45" hits="3" branch="False" />
            <line number="47" hits="3" branch="True" condition-coverage="100% (2/2)">
              <conditions>
                <condition number="143" type="jump" coverage="100%" />
              </conditions>
            </line>
            <line number="48" hits="1" branch="False" />
            <line number="50" hits="1" branch="False" />
            <line number="51" hits="1" branch="True" condition-coverage="50% (3/6)">
              <conditions>
                <condition number="197" type="jump" coverage="50%" />
                <condition number="220" type="jump" coverage="50%" />
                <condition number="248" type="jump" coverage="50%" />
              </conditions>
            </line>
            <line number="52" hits="0" branch="False" />
            <line number="54" hits="1" branch="False" />
            <line number="55" hits="1" branch="False" />
            <line number="56" hits="1" branch="False" />
            <line number="59" hits="1" branch="False" />
            <line number="60" hits="1" branch="False" />
            <line number="63" hits="1" branch="True" condition-coverage="50% (3/6)">
              <conditions>
                <condition number="695" type="jump" coverage="50%" />
                <condition number="718" type="jump" coverage="50%" />
                <condition number="748" type="jump" coverage="50%" />
              </conditions>
            </line>
            <line number="64" hits="0" branch="False" />
            <line number="65" hits="0" branch="False" />
            <line number="67" hits="0" branch="False" />
            <line number="68" hits="0" branch="False" />
            <line number="71" hits="5" branch="True" condition-coverage="100% (2/2)">
              <conditions>
                <condition number="926" type="jump" coverage="100%" />
              </conditions>
            </line>
            <line number="72" hits="1" branch="False" />
            <line number="74" hits="1" branch="False" />
            <line number="75" hits="1" branch="False" />
            <line number="76" hits="1" branch="False" />
            <line number="77" hits="1" branch="False" />
            <line number="79" hits="1" branch="False" />
            <line number="80" hits="1" branch="False" />
            <line number="82" hits="2" branch="False" />
            <line number="84" hits="2" branch="False" />
            <line number="85" hits="2" branch="True" condition-coverage="100% (6/6)">
              <conditions>
                <condition number="1067" type="jump" coverage="100%" />
                <condition number="1090" type="jump" coverage="100%" />
                <condition number="1120" type="jump" coverage="100%" />
              </conditions>
            </line>
            <line number="86" hits="1" branch="False" />
            <line number="88" hits="2" branch="False" />
            <line number="89" hits="2" branch="False" />
            <line number="90" hits="2" branch="False" />
            <line number="91" hits="2" branch="False" />
            <line number="93" hits="3" branch="False" />
            <line number="96" hits="3" branch="True" condition-coverage="100% (4/4)">
              <conditions>
                <condition number="1432" type="jump" coverage="100%" />
                <condition number="1457" type="jump" coverage="100%" />
              </conditions>
            </line>
            <line number="97" hits="1" branch="False" />
            <line number="98" hits="1" branch="False" />
            <line number="103" hits="1" branch="False" />
            <line number="106" hits="3" branch="False" />
            <line number="107" hits="3" branch="False" />
            <line number="110" hits="3" branch="False" />
            <line number="113" hits="3" branch="False" />
            <line number="115" hits="3" branch="False" />
            <line number="116" hits="3" branch="False" />
            <line number="117" hits="3" branch="True" condition-coverage="75% (3/4)">
              <conditions>
                <condition number="2072" type="jump" coverage="100%" />
                <condition number="2087" type="jump" coverage="50%" />
              </conditions>
            </line>
            <line number="118" hits="0" branch="False" />
            <line number="119" hits="0" branch="False" />
            <line number="120" hits="0" branch="True" condition-coverage="0% (0/2)">
              <conditions>
                <condition number="2128" type="jump" coverage="0%" />
              </conditions>
            </line>
            <line number="121" hits="0" branch="False" />
            <line number="122" hits="0" branch="False" />
            <line number="123" hits="0" branch="False" />
            <line number="126" hits="0" branch="False" />
            <line number="128" hits="0" branch="False" />
            <line number="129" hits="0" branch="False" />
            <line number="130" hits="0" branch="False" />
            <line number="132" hits="3" branch="True" condition-coverage="100% (2/2)">
              <conditions>
                <condition number="2525" type="jump" coverage="100%" />
              </conditions>
            </line>
            <line number="134" hits="3" branch="False" />
            <line number="135" hits="3" branch="False" />
            <line number="136" hits="3" branch="False" />
            <line number="137" hits="3" branch="False" />
            <line number="138" hits="3" branch="False" />
            <line number="139" hits="3" branch="False" />
            <line number="140" hits="3" branch="False" />
            <line number="141" hits="3" branch="False" />
            <line number="142" hits="3" branch="False" />
            <line number="143" hits="3" branch="False" />
            <line number="145" hits="3" branch="False" />
            <line number="146" hits="3" branch="False" />
          </lines>
        </class>
        <class name="UniversityFinder.Controllers.UniversityController/&lt;Search&gt;d__15" filename="UniversityController.cs" line-rate="1" branch-rate="0.8571" complexity="14">
          <methods>
            <method name="MoveNext" signature="()" line-rate="1" branch-rate="0.8571" complexity="14">
              <lines>
                <line number="296" hits="1" branch="False" />
                <line number="297" hits="1" branch="False" />
                <line number="300" hits="1" branch="True" condition-coverage="100% (2/2)">
                  <conditions>
                    <condition number="227" type="jump" coverage="100%" />
                  </conditions>
                </line>
                <line number="301" hits="1" branch="False" />
                <line number="302" hits="1" branch="False" />
                <line number="303" hits="1" branch="False" />
                <line number="308" hits="1" branch="False" />
                <line number="309" hits="1" branch="False" />
                <line number="312" hits="1" branch="True" condition-coverage="75% (3/4)">
                  <conditions>
                    <condition number="291" type="jump" coverage="50%" />
                    <condition number="326" type="jump" coverage="100%" />
                  </conditions>
                </line>
                <line number="313" hits="1" branch="False" />
                <line number="314" hits="1" branch="False" />
                <line number="317" hits="1" branch="False" />
                <line number="318" hits="1" branch="False" />
                <line number="321" hits="1" branch="True" condition-coverage="100% (2/2)">
                  <conditions>
                    <condition number="397" type="jump" coverage="100%" />
                  </conditions>
                </line>
                <line number="322" hits="1" branch="False" />
                <line number="323" hits="1" branch="False" />
                <line number="327" hits="1" branch="False" />
                <line number="328" hits="1" branch="False" />
                <line number="331" hits="1" branch="False" />
                <line number="332" hits="1" branch="False" />
                <line number="335" hits="1" branch="False" />
                <line number="336" hits="1" branch="False" />
                <line number="338" hits="1" branch="False" />
                <line number="339" hits="1" branch="False" />
                <line number="341" hits="1" branch="True" condition-coverage="75% (3/4)">
                  <conditions>
                    <condition number="756" type="jump" coverage="50%" />
                    <condition number="771" type="jump" coverage="100%" />
                  </conditions>
                </line>
                <line number="342" hits="1" branch="False" />
                <line number="343" hits="1" branch="False" />
                <line number="344" hits="1" branch="True" condition-coverage="100% (2/2)">
                  <conditions>
                    <condition number="812" type="jump" coverage="100%" />
                  </conditions>
                </line>
                <line number="345" hits="1" branch="False" />
                <line number="346" hits="1" branch="False" />
                <line number="347" hits="1" branch="False" />
                <line number="348" hits="1" branch="False" />
                <line number="350" hits="1" branch="False" />
                <line number="351" hits="1" branch="False" />
              </lines>
            </method>
          </methods>
          <lines>
            <line number="296" hits="1" branch="False" />
            <line number="297" hits="1" branch="False" />
            <line number="300" hits="1" branch="True" condition-coverage="100% (2/2)">
              <conditions>
                <condition number="227" type="jump" coverage="100%" />
              </conditions>
            </line>
            <line number="301" hits="1" branch="False" />
            <line number="302" hits="1" branch="False" />
            <line number="303" hits="1" branch="False" />
            <line number="308" hits="1" branch="False" />
            <line number="309" hits="1" branch="False" />
            <line number="312" hits="1" branch="True" condition-coverage="75% (3/4)">
              <conditions>
                <condition number="291" type="jump" coverage="50%" />
                <condition number="326" type="jump" coverage="100%" />
              </conditions>
            </line>
            <line number="313" hits="1" branch="False" />
            <line number="314" hits="1" branch="False" />
            <line number="317" hits="1" branch="False" />
            <line number="318" hits="1" branch="False" />
            <line number="321" hits="1" branch="True" condition-coverage="100% (2/2)">
              <conditions>
                <condition number="397" type="jump" coverage="100%" />
              </conditions>
            </line>
            <line number="322" hits="1" branch="False" />
            <line number="323" hits="1" branch="False" />
            <line number="327" hits="1" branch="False" />
            <line number="328" hits="1" branch="False" />
            <line number="331" hits="1" branch="False" />
            <line number="332" hits="1" branch="False" />
            <line number="335" hits="1" branch="False" />
            <line number="336" hits="1" branch="False" />
            <line number="338" hits="1" branch="False" />
            <line number="339" hits="1" branch="False" />
            <line number="341" hits="1" branch="True" condition-coverage="75% (3/4)">
              <conditions>
                <condition number="756" type="jump" coverage="50%" />
                <condition number="771" type="jump" coverage="100%" />
              </conditions>
            </line>
            <line number="342" hits="1" branch="False" />
            <line number="343" hits="1" branch="False" />
            <line number="344" hits="1" branch="True" condition-coverage="100% (2/2)">
              <conditions>
                <condition number="812" type="jump" coverage="100%" />
              </conditions>
            </line>
            <line number="345" hits="1" branch="False" />
            <line number="346" hits="1" branch="False" />
            <line number="347" hits="1" branch="False" />
            <line number="348" hits="1" branch="False" />
            <line number="350" hits="1" branch="False" />
            <line number="351" hits="1" branch="False" />
          </lines>
        </class>
        <class name="UniversityFinder.Controllers.UniversityController/&lt;ToggleFavorite&gt;d__11" filename="UniversityController.cs" line-rate="0.7142000000000001" branch-rate="0.5" complexity="2">
          <methods>
            <method name="MoveNext" signature="()" line-rate="0.7142000000000001" branch-rate="0.5" complexity="2">
              <lines>
                <line number="232" hits="1" branch="False" />
                <line number="233" hits="1" branch="False" />
                <line number="235" hits="1" branch="True" condition-coverage="50% (1/2)">
                  <conditions>
                    <condition number="48" type="jump" coverage="50%" />
                  </conditions>
                </line>
                <line number="236" hits="1" branch="False" />
                <line number="238" hits="0" branch="False" />
                <line number="239" hits="0" branch="False" />
                <line number="240" hits="1" branch="False" />
              </lines>
            </method>
          </methods>
          <lines>
            <line number="232" hits="1" branch="False" />
            <line number="233" hits="1" branch="False" />
            <line number="235" hits="1" branch="True" condition-coverage="50% (1/2)">
              <conditions>
                <condition number="48" type="jump" coverage="50%" />
              </conditions>
            </line>
            <line number="236" hits="1" branch="False" />
            <line number="238" hits="0" branch="False" />
            <line number="239" hits="0" branch="False" />
            <line number="240" hits="1" branch="False" />
          </lines>
        </class>
        <class name="UniversityFinder.Controllers.UniversityController/&lt;ToggleFavoriteByGuid&gt;d__12" filename="UniversityController.cs" line-rate="0.6666" branch-rate="0.6666" complexity="6">
          <methods>
            <method name="MoveNext" signature="()" line-rate="0.6666" branch-rate="0.6666" complexity="6">
              <lines>
                <line number="245" hits="2" branch="False" />
                <line number="247" hits="2" branch="False" />
                <line number="248" hits="2" branch="True" condition-coverage="75% (3/4)">
                  <conditions>
                    <condition number="38" type="jump" coverage="50%" />
                    <condition number="65" type="jump" coverage="100%" />
                  </conditions>
                </line>
                <line number="249" hits="1" branch="False" />
                <line number="250" hits="1" branch="False" />
                <line number="253" hits="1" branch="False" />
                <line number="255" hits="1" branch="True" condition-coverage="50% (1/2)">
                  <conditions>
                    <condition number="130" type="jump" coverage="50%" />
                  </conditions>
                </line>
                <line number="256" hits="0" branch="False" />
                <line number="258" hits="1" branch="False" />
                <line number="259" hits="1" branch="False" />
                <line number="261" hits="0" branch="False" />
                <line number="262" hits="0" branch="False" />
                <line number="263" hits="0" branch="False" />
                <line number="264" hits="0" branch="False" />
                <line number="266" hits="2" branch="False" />
              </lines>
            </method>
          </methods>
          <lines>
            <line number="245" hits="2" branch="False" />
            <line number="247" hits="2" branch="False" />
            <line number="248" hits="2" branch="True" condition-coverage="75% (3/4)">
              <conditions>
                <condition number="38" type="jump" coverage="50%" />
                <condition number="65" type="jump" coverage="100%" />
              </conditions>
            </line>
            <line number="249" hits="1" branch="False" />
            <line number="250" hits="1" branch="False" />
            <line number="253" hits="1" branch="False" />
            <line number="255" hits="1" branch="True" condition-coverage="50% (1/2)">
              <conditions>
                <condition number="130" type="jump" coverage="50%" />
              </conditions>
            </line>
            <line number="256" hits="0" branch="False" />
            <line number="258" hits="1" branch="False" />
            <line number="259" hits="1" branch="False" />
            <line number="261" hits="0" branch="False" />
            <line number="262" hits="0" branch="False" />
            <line number="263" hits="0" branch="False" />
            <line number="264" hits="0" branch="False" />
            <line number="266" hits="2" branch="False" />
          </lines>
        </class>
      </classes>
    </package>
  </packages>
</coverage>