<?xml version="1.0" encoding="utf-8"?>
<!DOCTYPE coverage SYSTEM "http://cobertura.sourceforge.net/xml/coverage-04.dtd">
<coverage line-rate="0.810468140442133" branch-rate="0.672077922077922" lines-covered="2493" lines-valid="3076" branches-covered="621" branches-valid="924" complexity="1186" version="0" timestamp="1779754283">
  <sources />
  <packages>
    <package name="UniversityFinder" line-rate="0.727911646586345" branch-rate="0.629129129129129" complexity="984">
      <classes>
        <class name="Program" filename="C:\Users\defaultuser0\source\repos\UniversityAdvisorProject\Program.cs" line-rate="0" branch-rate="0" complexity="6">
          <methods>
            <method name="&lt;Main&gt;$" signature="(...)" line-rate="0" branch-rate="0" complexity="6">
              <lines>
                <line number="4" hits="0" branch="false" />
                <line number="7" hits="0" branch="false" />
                <line number="13" hits="0" branch="false" />
                <line number="16" hits="0" branch="true" condition-coverage="0% (0/2)" />
                <line number="17" hits="0" branch="false" />
                <line number="18" hits="0" branch="false" />
                <line number="19" hits="0" branch="false" />
                <line number="20" hits="0" branch="false" />
                <line number="21" hits="0" branch="false" />
                <line number="22" hits="0" branch="false" />
                <line number="23" hits="0" branch="false" />
                <line number="24" hits="0" branch="false" />
                <line number="25" hits="0" branch="false" />
                <line number="26" hits="0" branch="false" />
                <line number="29" hits="0" branch="true" condition-coverage="0% (0/2)" />
                <line number="30" hits="0" branch="false" />
                <line number="31" hits="0" branch="true" condition-coverage="0% (0/2)" />
                <line number="32" hits="0" branch="false" />
                <line number="35" hits="0" branch="false" />
                <line number="38" hits="0" branch="false" />
                <line number="41" hits="0" branch="false" />
                <line number="42" hits="0" branch="false" />
                <line number="48" hits="0" branch="false" />
                <line number="60" hits="0" branch="false" />
                <line number="65" hits="0" branch="false" />
                <line number="68" hits="0" branch="false" />
                <line number="69" hits="0" branch="false" />
                <line number="70" hits="0" branch="false" />
                <line number="72" hits="0" branch="false" />
                <line number="75" hits="0" branch="true" condition-coverage="0% (0/2)" />
                <line number="76" hits="0" branch="false" />
                <line number="77" hits="0" branch="false" />
                <line number="79" hits="0" branch="false" />
                <line number="80" hits="0" branch="false" />
                <line number="82" hits="0" branch="false" />
                <line number="83" hits="0" branch="false" />
                <line number="85" hits="0" branch="false" />
                <line number="88" hits="0" branch="false" />
                <line number="89" hits="0" branch="false" />
                <line number="91" hits="0" branch="false" />
                <line number="92" hits="0" branch="false" />
                <line number="93" hits="0" branch="false" />
                <line number="100" hits="0" branch="false" />
              </lines>
            </method>
          </methods>
          <lines>
            <line number="4" hits="0" branch="false" />
            <line number="7" hits="0" branch="false" />
            <line number="13" hits="0" branch="false" />
            <line number="16" hits="0" branch="true" condition-coverage="0% (0/2)" />
            <line number="17" hits="0" branch="false" />
            <line number="18" hits="0" branch="false" />
            <line number="19" hits="0" branch="false" />
            <line number="20" hits="0" branch="false" />
            <line number="21" hits="0" branch="false" />
            <line number="22" hits="0" branch="false" />
            <line number="23" hits="0" branch="false" />
            <line number="24" hits="0" branch="false" />
            <line number="25" hits="0" branch="false" />
            <line number="26" hits="0" branch="false" />
            <line number="29" hits="0" branch="true" condition-coverage="0% (0/2)" />
            <line number="30" hits="0" branch="false" />
            <line number="31" hits="0" branch="true" condition-coverage="0% (0/2)" />
            <line number="32" hits="0" branch="false" />
            <line number="35" hits="0" branch="false" />
            <line number="38" hits="0" branch="false" />
            <line number="41" hits="0" branch="false" />
            <line number="42" hits="0" branch="false" />
            <line number="48" hits="0" branch="false" />
            <line number="60" hits="0" branch="false" />
            <line number="65" hits="0" branch="false" />
            <line number="68" hits="0" branch="false" />
            <line number="69" hits="0" branch="false" />
            <line number="70" hits="0" branch="false" />
            <line number="72" hits="0" branch="false" />
            <line number="75" hits="0" branch="true" condition-coverage="0% (0/2)" />
            <line number="76" hits="0" branch="false" />
            <line number="77" hits="0" branch="false" />
            <line number="79" hits="0" branch="false" />
            <line number="80" hits="0" branch="false" />
            <line number="82" hits="0" branch="false" />
            <line number="83" hits="0" branch="false" />
            <line number="85" hits="0" branch="false" />
            <line number="88" hits="0" branch="false" />
            <line number="89" hits="0" branch="false" />
            <line number="91" hits="0" branch="false" />
            <line number="92" hits="0" branch="false" />
            <line number="93" hits="0" branch="false" />
            <line number="100" hits="0" branch="false" />
          </lines>
        </class>
        <class name="UniversityFinder.Controllers.AccountController" filename="C:\Users\defaultuser0\source\repos\UniversityAdvisorProject\Controllers\AccountController.cs" line-rate="0.435897435897436" branch-rate="0.25" complexity="33">
          <methods>
            <method name=".ctor" signature="(...)" line-rate="1" branch-rate="1" complexity="1">
              <lines>
                <line number="13" hits="1" branch="false" />
                <line number="14" hits="1" branch="false" />
                <line number="15" hits="1" branch="false" />
                <line number="16" hits="1" branch="false" />
                <line number="17" hits="1" branch="false" />
                <line number="18" hits="1" branch="false" />
                <line number="19" hits="1" branch="false" />
              </lines>
            </method>
            <method name="Login" signature="(...)" line-rate="1" branch-rate="1" complexity="1">
              <lines>
                <line number="23" hits="1" branch="false" />
                <line number="24" hits="1" branch="false" />
                <line number="25" hits="1" branch="false" />
                <line number="26" hits="1" branch="false" />
              </lines>
            </method>
            <method name="Register" signature="(...)" line-rate="0" branch-rate="1" complexity="1">
              <lines>
                <line number="75" hits="0" branch="false" />
                <line number="76" hits="0" branch="false" />
                <line number="77" hits="0" branch="false" />
                <line number="78" hits="0" branch="false" />
              </lines>
            </method>
            <method name="AccessDenied" signature="()" line-rate="1" branch-rate="1" complexity="1">
              <lines>
                <line number="131" hits="1" branch="false" />
                <line number="132" hits="1" branch="false" />
                <line number="133" hits="1" branch="false" />
              </lines>
            </method>
            <method name="MoveNext" signature="()" line-rate="0.25" branch-rate="0.142857142857143" complexity="14">
              <lines>
                <line number="31" hits="1" branch="false" />
                <line number="32" hits="1" branch="true" condition-coverage="50% (2/4)" />
                <line number="33" hits="1" branch="false" />
                <line number="34" hits="1" branch="false" />
                <line number="35" hits="1" branch="false" />
                <line number="36" hits="1" branch="false" />
                <line number="39" hits="0" branch="false" />
                <line number="41" hits="0" branch="true" condition-coverage="0% (0/4)" />
                <line number="42" hits="0" branch="false" />
                <line number="44" hits="0" branch="false" />
                <line number="47" hits="0" branch="false" />
                <line number="48" hits="0" branch="false" />
                <line number="49" hits="0" branch="false" />
                <line number="50" hits="0" branch="false" />
                <line number="51" hits="0" branch="false" />
                <line number="53" hits="0" branch="false" />
                <line number="54" hits="0" branch="false" />
                <line number="55" hits="0" branch="false" />
                <line number="56" hits="0" branch="false" />
                <line number="58" hits="0" branch="false" />
                <line number="60" hits="0" branch="true" condition-coverage="0% (0/4)" />
                <line number="61" hits="0" branch="false" />
                <line number="62" hits="0" branch="false" />
                <line number="65" hits="0" branch="false" />
                <line number="68" hits="0" branch="true" condition-coverage="0% (0/2)" />
                <line number="69" hits="0" branch="false" />
                <line number="70" hits="0" branch="false" />
                <line number="71" hits="1" branch="false" />
              </lines>
            </method>
            <method name="MoveNext" signature="()" line-rate="0" branch-rate="1" complexity="1">
              <lines>
                <line number="122" hits="0" branch="false" />
                <line number="123" hits="0" branch="false" />
                <line number="124" hits="0" branch="false" />
                <line number="125" hits="0" branch="false" />
                <line number="126" hits="0" branch="false" />
                <line number="127" hits="0" branch="false" />
              </lines>
            </method>
            <method name="MoveNext" signature="()" line-rate="0.5" branch-rate="0.357142857142857" complexity="14">
              <lines>
                <line number="83" hits="1" branch="false" />
                <line number="84" hits="1" branch="true" condition-coverage="50% (2/4)" />
                <line number="85" hits="0" branch="false" />
                <line number="86" hits="0" branch="false" />
                <line number="87" hits="0" branch="false" />
                <line number="88" hits="0" branch="false" />
                <line number="91" hits="1" branch="true" condition-coverage="100% (2/2)" />
                <line number="92" hits="1" branch="false" />
                <line number="93" hits="1" branch="false" />
                <line number="94" hits="1" branch="false" />
                <line number="95" hits="1" branch="false" />
                <line number="98" hits="1" branch="true" condition-coverage="50% (1/2)" />
                <line number="99" hits="1" branch="false" />
                <line number="100" hits="1" branch="false" />
                <line number="101" hits="1" branch="false" />
                <line number="102" hits="1" branch="false" />
                <line number="105" hits="0" branch="false" />
                <line number="107" hits="0" branch="true" condition-coverage="0% (0/4)" />
                <line number="108" hits="0" branch="false" />
                <line number="109" hits="0" branch="false" />
                <line number="110" hits="0" branch="false" />
                <line number="111" hits="0" branch="false" />
                <line number="114" hits="0" branch="true" condition-coverage="0% (0/2)" />
                <line number="115" hits="0" branch="false" />
                <line number="116" hits="0" branch="false" />
                <line number="117" hits="1" branch="false" />
              </lines>
            </method>
          </methods>
          <lines>
            <line number="13" hits="1" branch="false" />
            <line number="14" hits="1" branch="false" />
            <line number="15" hits="1" branch="false" />
            <line number="16" hits="1" branch="false" />
            <line number="17" hits="1" branch="false" />
            <line number="18" hits="1" branch="false" />
            <line number="19" hits="1" branch="false" />
            <line number="23" hits="1" branch="false" />
            <line number="24" hits="1" branch="false" />
            <line number="25" hits="1" branch="false" />
            <line number="26" hits="1" branch="false" />
            <line number="31" hits="1" branch="false" />
            <line number="32" hits="1" branch="true" condition-coverage="50% (2/4)" />
            <line number="33" hits="1" branch="false" />
            <line number="34" hits="1" branch="false" />
            <line number="35" hits="1" branch="false" />
            <line number="36" hits="1" branch="false" />
            <line number="39" hits="0" branch="false" />
            <line number="41" hits="0" branch="true" condition-coverage="0% (0/4)" />
            <line number="42" hits="0" branch="false" />
            <line number="44" hits="0" branch="false" />
            <line number="47" hits="0" branch="false" />
            <line number="48" hits="0" branch="false" />
            <line number="49" hits="0" branch="false" />
            <line number="50" hits="0" branch="false" />
            <line number="51" hits="0" branch="false" />
            <line number="53" hits="0" branch="false" />
            <line number="54" hits="0" branch="false" />
            <line number="55" hits="0" branch="false" />
            <line number="56" hits="0" branch="false" />
            <line number="58" hits="0" branch="false" />
            <line number="60" hits="0" branch="true" condition-coverage="0% (0/4)" />
            <line number="61" hits="0" branch="false" />
            <line number="62" hits="0" branch="false" />
            <line number="65" hits="0" branch="false" />
            <line number="68" hits="0" branch="true" condition-coverage="0% (0/2)" />
            <line number="69" hits="0" branch="false" />
            <line number="70" hits="0" branch="false" />
            <line number="71" hits="1" branch="false" />
            <line number="75" hits="0" branch="false" />
            <line number="76" hits="0" branch="false" />
            <line number="77" hits="0" branch="false" />
            <line number="78" hits="0" branch="false" />
            <line number="83" hits="1" branch="false" />
            <line number="84" hits="1" branch="true" condition-coverage="50% (2/4)" />
            <line number="85" hits="0" branch="false" />
            <line number="86" hits="0" branch="false" />
            <line number="87" hits="0" branch="false" />
            <line number="88" hits="0" branch="false" />
            <line number="91" hits="1" branch="true" condition-coverage="100% (2/2)" />
            <line number="92" hits="1" branch="false" />
            <line number="93" hits="1" branch="false" />
            <line number="94" hits="1" branch="false" />
            <line number="95" hits="1" branch="false" />
            <line number="98" hits="1" branch="true" condition-coverage="50% (1/2)" />
            <line number="99" hits="1" branch="false" />
            <line number="100" hits="1" branch="false" />
            <line number="101" hits="1" branch="false" />
            <line number="102" hits="1" branch="false" />
            <line number="105" hits="0" branch="false" />
            <line number="107" hits="0" branch="true" condition-coverage="0% (0/4)" />
            <line number="108" hits="0" branch="false" />
            <line number="109" hits="0" branch="false" />
            <line number="110" hits="0" branch="false" />
            <line number="111" hits="0" branch="false" />
            <line number="114" hits="0" branch="true" condition-coverage="0% (0/2)" />
            <line number="115" hits="0" branch="false" />
            <line number="116" hits="0" branch="false" />
            <line number="117" hits="1" branch="false" />
            <line number="122" hits="0" branch="false" />
            <line number="123" hits="0" branch="false" />
            <line number="124" hits="0" branch="false" />
            <line number="125" hits="0" branch="false" />
            <line number="126" hits="0" branch="false" />
            <line number="127" hits="0" branch="false" />
            <line number="131" hits="1" branch="false" />
            <line number="132" hits="1" branch="false" />
            <line number="133" hits="1" branch="false" />
          </lines>
        </class>
        <class name="UniversityFinder.Controllers.AdminController" filename="C:\Users\defaultuser0\source\repos\UniversityAdvisorProject\Controllers\AdminController.cs" line-rate="0.747747747747748" branch-rate="0.611111111111111" complexity="97">
          <methods>
            <method name=".ctor" signature="(...)" line-rate="1" branch-rate="1" complexity="1">
              <lines>
                <line number="15" hits="1" branch="false" />
                <line number="16" hits="1" branch="false" />
                <line number="17" hits="1" branch="false" />
                <line number="18" hits="1" branch="false" />
                <line number="19" hits="1" branch="false" />
                <line number="20" hits="1" branch="false" />
                <line number="21" hits="1" branch="false" />
                <line number="22" hits="1" branch="false" />
                <line number="23" hits="1" branch="false" />
              </lines>
            </method>
            <method name="Create" signature="()" line-rate="0" branch-rate="1" complexity="1">
              <lines>
                <line number="444" hits="0" branch="false" />
                <line number="445" hits="0" branch="false" />
                <line number="446" hits="0" branch="false" />
              </lines>
            </method>
            <method name="MoveNext" signature="()" line-rate="0.916666666666667" branch-rate="0.666666666666667" complexity="22">
              <lines>
                <line number="646" hits="1" branch="false" />
                <line number="647" hits="1" branch="false" />
                <line number="650" hits="1" branch="true" condition-coverage="100% (4/4)" />
                <line number="651" hits="1" branch="false" />
                <line number="652" hits="1" branch="false" />
                <line number="653" hits="1" branch="false" />
                <line number="654" hits="1" branch="false" />
                <line number="657" hits="1" branch="true" condition-coverage="100% (2/2)" />
                <line number="658" hits="1" branch="false" />
                <line number="659" hits="1" branch="true" condition-coverage="50% (1/2)" />
                <line number="660" hits="1" branch="true" condition-coverage="50% (1/2)" />
                <line number="661" hits="0" branch="false" />
                <line number="663" hits="1" branch="false" />
                <line number="664" hits="1" branch="false" />
                <line number="665" hits="0" branch="true" condition-coverage="0% (0/2)" />
                <line number="666" hits="0" branch="false" />
                <line number="668" hits="1" branch="true" condition-coverage="100% (2/2)" />
                <line number="669" hits="1" branch="false" />
                <line number="670" hits="1" branch="false" />
                <line number="671" hits="1" branch="true" condition-coverage="67% (4/6)" />
                <line number="672" hits="1" branch="false" />
                <line number="673" hits="1" branch="false" />
                <line number="674" hits="1" branch="false" />
                <line number="675" hits="1" branch="false" />
                <line number="676" hits="1" branch="false" />
                <line number="678" hits="1" branch="false" />
                <line number="679" hits="1" branch="false" />
                <line number="680" hits="1" branch="false" />
                <line number="681" hits="1" branch="false" />
                <line number="682" hits="1" branch="false" />
                <line number="683" hits="1" branch="false" />
                <line number="684" hits="1" branch="false" />
                <line number="686" hits="1" branch="true" condition-coverage="50% (2/4)" />
                <line number="687" hits="0" branch="false" />
                <line number="689" hits="1" branch="false" />
                <line number="690" hits="1" branch="false" />
                <line number="691" hits="1" branch="false" />
                <line number="692" hits="1" branch="false" />
                <line number="693" hits="1" branch="false" />
                <line number="694" hits="1" branch="false" />
                <line number="695" hits="1" branch="false" />
                <line number="696" hits="1" branch="false" />
                <line number="697" hits="1" branch="false" />
                <line number="698" hits="1" branch="false" />
                <line number="700" hits="1" branch="false" />
                <line number="701" hits="1" branch="false" />
                <line number="702" hits="1" branch="false" />
                <line number="703" hits="1" branch="false" />
              </lines>
            </method>
            <method name="MoveNext" signature="()" line-rate="0.653846153846154" branch-rate="0.7" complexity="10">
              <lines>
                <line number="454" hits="1" branch="false" />
                <line number="455" hits="1" branch="true" condition-coverage="100% (2/2)" />
                <line number="456" hits="1" branch="false" />
                <line number="457" hits="1" branch="false" />
                <line number="460" hits="1" branch="true" condition-coverage="50% (1/2)" />
                <line number="461" hits="0" branch="false" />
                <line number="462" hits="0" branch="false" />
                <line number="463" hits="0" branch="false" />
                <line number="466" hits="1" branch="true" condition-coverage="50% (1/2)" />
                <line number="467" hits="0" branch="false" />
                <line number="470" hits="1" branch="false" />
                <line number="471" hits="1" branch="false" />
                <line number="472" hits="1" branch="true" condition-coverage="100% (2/2)" />
                <line number="473" hits="1" branch="false" />
                <line number="474" hits="1" branch="false" />
                <line number="475" hits="1" branch="false" />
                <line number="478" hits="1" branch="false" />
                <line number="479" hits="1" branch="false" />
                <line number="480" hits="1" branch="true" condition-coverage="50% (1/2)" />
                <line number="481" hits="1" branch="false" />
                <line number="483" hits="0" branch="false" />
                <line number="484" hits="0" branch="false" />
                <line number="485" hits="0" branch="false" />
                <line number="486" hits="0" branch="false" />
                <line number="487" hits="0" branch="false" />
                <line number="489" hits="1" branch="false" />
              </lines>
            </method>
            <method name="MoveNext" signature="()" line-rate="0.75" branch-rate="0.5" complexity="2">
              <lines>
                <line number="406" hits="1" branch="false" />
                <line number="408" hits="1" branch="false" />
                <line number="409" hits="1" branch="false" />
                <line number="410" hits="1" branch="false" />
                <line number="412" hits="1" branch="false" />
                <line number="413" hits="1" branch="false" />
                <line number="414" hits="1" branch="false" />
                <line number="415" hits="1" branch="true" condition-coverage="50% (1/2)" />
                <line number="416" hits="1" branch="false" />
                <line number="417" hits="1" branch="false" />
                <line number="418" hits="1" branch="false" />
                <line number="420" hits="0" branch="false" />
                <line number="421" hits="0" branch="false" />
                <line number="422" hits="0" branch="false" />
                <line number="423" hits="0" branch="false" />
                <line number="425" hits="1" branch="false" />
              </lines>
            </method>
            <method name="MoveNext" signature="()" line-rate="0.652173913043478" branch-rate="0.5" complexity="2">
              <lines>
                <line number="369" hits="1" branch="false" />
                <line number="371" hits="1" branch="false" />
                <line number="373" hits="1" branch="false" />
                <line number="374" hits="1" branch="false" />
                <line number="377" hits="1" branch="true" condition-coverage="50% (1/2)" />
                <line number="378" hits="1" branch="false" />
                <line number="379" hits="1" branch="false" />
                <line number="380" hits="1" branch="false" />
                <line number="381" hits="1" branch="false" />
                <line number="382" hits="1" branch="false" />
                <line number="383" hits="1" branch="false" />
                <line number="384" hits="1" branch="false" />
                <line number="386" hits="1" branch="false" />
                <line number="388" hits="1" branch="false" />
                <line number="390" hits="0" branch="false" />
                <line number="391" hits="0" branch="false" />
                <line number="392" hits="0" branch="false" />
                <line number="393" hits="0" branch="false" />
                <line number="394" hits="0" branch="false" />
                <line number="395" hits="0" branch="false" />
                <line number="396" hits="0" branch="false" />
                <line number="397" hits="0" branch="false" />
                <line number="399" hits="1" branch="false" />
              </lines>
            </method>
            <method name="MoveNext" signature="()" line-rate="0.625" branch-rate="0.5" complexity="2">
              <lines>
                <line number="575" hits="1" branch="false" />
                <line number="576" hits="1" branch="false" />
                <line number="577" hits="1" branch="true" condition-coverage="50% (1/2)" />
                <line number="578" hits="0" branch="false" />
                <line number="579" hits="0" branch="false" />
                <line number="580" hits="0" branch="false" />
                <line number="583" hits="1" branch="false" />
                <line number="584" hits="1" branch="false" />
              </lines>
            </method>
            <method name="MoveNext" signature="()" line-rate="0.619047619047619" branch-rate="0.666666666666667" complexity="6">
              <lines>
                <line number="593" hits="1" branch="false" />
                <line number="595" hits="1" branch="false" />
                <line number="596" hits="1" branch="false" />
                <line number="597" hits="1" branch="true" condition-coverage="100% (2/2)" />
                <line number="598" hits="1" branch="false" />
                <line number="599" hits="1" branch="false" />
                <line number="600" hits="1" branch="false" />
                <line number="603" hits="1" branch="false" />
                <line number="605" hits="1" branch="true" condition-coverage="50% (1/2)" />
                <line number="606" hits="0" branch="false" />
                <line number="607" hits="0" branch="false" />
                <line number="608" hits="0" branch="false" />
                <line number="611" hits="1" branch="false" />
                <line number="612" hits="1" branch="true" condition-coverage="50% (1/2)" />
                <line number="613" hits="1" branch="false" />
                <line number="615" hits="0" branch="false" />
                <line number="616" hits="0" branch="false" />
                <line number="617" hits="0" branch="false" />
                <line number="618" hits="0" branch="false" />
                <line number="619" hits="0" branch="false" />
                <line number="621" hits="1" branch="false" />
              </lines>
            </method>
            <method name="MoveNext" signature="()" line-rate="0.888888888888889" branch-rate="0.5" complexity="2">
              <lines>
                <line number="496" hits="1" branch="false" />
                <line number="497" hits="1" branch="false" />
                <line number="498" hits="1" branch="true" condition-coverage="50% (1/2)" />
                <line number="499" hits="1" branch="false" />
                <line number="500" hits="1" branch="false" />
                <line number="501" hits="1" branch="false" />
                <line number="502" hits="1" branch="false" />
                <line number="505" hits="0" branch="false" />
                <line number="506" hits="1" branch="false" />
              </lines>
            </method>
            <method name="MoveNext" signature="()" line-rate="0.684210526315789" branch-rate="0.590909090909091" complexity="22">
              <lines>
                <line number="514" hits="1" branch="false" />
                <line number="515" hits="1" branch="true" condition-coverage="50% (1/2)" />
                <line number="516" hits="0" branch="false" />
                <line number="517" hits="0" branch="false" />
                <line number="520" hits="1" branch="true" condition-coverage="50% (1/2)" />
                <line number="521" hits="0" branch="false" />
                <line number="522" hits="0" branch="false" />
                <line number="523" hits="0" branch="false" />
                <line number="527" hits="1" branch="false" />
                <line number="528" hits="1" branch="false" />
                <line number="529" hits="1" branch="true" condition-coverage="50% (1/2)" />
                <line number="530" hits="0" branch="false" />
                <line number="531" hits="0" branch="false" />
                <line number="532" hits="0" branch="false" />
                <line number="536" hits="1" branch="true" condition-coverage="100% (2/2)" />
                <line number="537" hits="1" branch="false" />
                <line number="538" hits="1" branch="false" />
                <line number="539" hits="1" branch="true" condition-coverage="83% (5/6)" />
                <line number="540" hits="1" branch="false" />
                <line number="541" hits="1" branch="false" />
                <line number="542" hits="1" branch="false" />
                <line number="544" hits="1" branch="false" />
                <line number="546" hits="1" branch="true" condition-coverage="50% (1/2)" />
                <line number="547" hits="0" branch="true" condition-coverage="0% (0/2)" />
                <line number="550" hits="1" branch="false" />
                <line number="552" hits="1" branch="true" condition-coverage="50% (1/2)" />
                <line number="553" hits="0" branch="false" />
                <line number="554" hits="0" branch="false" />
                <line number="555" hits="0" branch="false" />
                <line number="558" hits="1" branch="false" />
                <line number="559" hits="1" branch="true" condition-coverage="50% (1/2)" />
                <line number="560" hits="1" branch="false" />
                <line number="562" hits="1" branch="false" />
                <line number="563" hits="1" branch="false" />
                <line number="564" hits="1" branch="false" />
                <line number="565" hits="1" branch="false" />
                <line number="566" hits="1" branch="false" />
                <line number="568" hits="1" branch="false" />
              </lines>
            </method>
            <method name="MoveNext" signature="()" line-rate="1" branch-rate="1" complexity="1">
              <lines>
                <line number="242" hits="1" branch="false" />
                <line number="246" hits="1" branch="false" />
                <line number="247" hits="1" branch="false" />
                <line number="248" hits="1" branch="false" />
                <line number="249" hits="1" branch="false" />
                <line number="250" hits="1" branch="false" />
                <line number="251" hits="1" branch="false" />
                <line number="252" hits="1" branch="false" />
                <line number="253" hits="1" branch="false" />
                <line number="254" hits="1" branch="false" />
                <line number="255" hits="1" branch="false" />
                <line number="256" hits="1" branch="false" />
                <line number="257" hits="1" branch="false" />
                <line number="258" hits="1" branch="false" />
                <line number="362" hits="1" branch="false" />
              </lines>
            </method>
            <method name="MoveNext" signature="()" line-rate="1" branch-rate="1" complexity="1">
              <lines>
                <line number="434" hits="1" branch="false" />
                <line number="435" hits="1" branch="false" />
                <line number="436" hits="1" branch="false" />
                <line number="437" hits="1" branch="false" />
              </lines>
            </method>
            <method name="MoveNext" signature="()" line-rate="1" branch-rate="0.5" complexity="8">
              <lines>
                <line number="627" hits="1" branch="false" />
                <line number="628" hits="1" branch="false" />
                <line number="629" hits="1" branch="true" condition-coverage="50% (1/2)" />
                <line number="631" hits="1" branch="false" />
                <line number="632" hits="1" branch="false" />
                <line number="634" hits="1" branch="false" />
                <line number="636" hits="1" branch="true" condition-coverage="50% (1/2)" />
                <line number="637" hits="1" branch="true" condition-coverage="50% (1/2)" />
                <line number="638" hits="1" branch="true" condition-coverage="50% (1/2)" />
                <line number="640" hits="1" branch="false" />
                <line number="641" hits="1" branch="false" />
              </lines>
            </method>
            <method name="MoveNext" signature="()" line-rate="0.642857142857143" branch-rate="1" complexity="1">
              <lines>
                <line number="115" hits="1" branch="false" />
                <line number="117" hits="1" branch="false" />
                <line number="118" hits="1" branch="false" />
                <line number="119" hits="1" branch="false" />
                <line number="120" hits="1" branch="false" />
                <line number="121" hits="1" branch="false" />
                <line number="122" hits="1" branch="false" />
                <line number="123" hits="0" branch="false" />
                <line number="124" hits="0" branch="false" />
                <line number="125" hits="0" branch="false" />
                <line number="126" hits="0" branch="false" />
                <line number="127" hits="0" branch="false" />
                <line number="129" hits="1" branch="false" />
                <line number="130" hits="1" branch="false" />
              </lines>
            </method>
            <method name="MoveNext" signature="()" line-rate="0.727272727272727" branch-rate="0.5" complexity="2">
              <lines>
                <line number="708" hits="1" branch="false" />
                <line number="709" hits="1" branch="false" />
                <line number="710" hits="1" branch="true" condition-coverage="50% (1/2)" />
                <line number="711" hits="1" branch="false" />
                <line number="712" hits="1" branch="false" />
                <line number="713" hits="1" branch="false" />
                <line number="715" hits="0" branch="false" />
                <line number="716" hits="0" branch="false" />
                <line number="717" hits="0" branch="false" />
                <line number="718" hits="1" branch="false" />
                <line number="719" hits="1" branch="false" />
              </lines>
            </method>
            <method name="MoveNext" signature="()" line-rate="0.911764705882353" branch-rate="0.833333333333333" complexity="6">
              <lines>
                <line number="40" hits="1" branch="false" />
                <line number="41" hits="1" branch="false" />
                <line number="42" hits="1" branch="false" />
                <line number="43" hits="1" branch="false" />
                <line number="44" hits="1" branch="false" />
                <line number="45" hits="1" branch="false" />
                <line number="46" hits="1" branch="false" />
                <line number="47" hits="1" branch="false" />
                <line number="48" hits="1" branch="false" />
                <line number="49" hits="1" branch="false" />
                <line number="50" hits="1" branch="false" />
                <line number="51" hits="1" branch="false" />
                <line number="52" hits="1" branch="false" />
                <line number="54" hits="1" branch="false" />
                <line number="55" hits="1" branch="false" />
                <line number="56" hits="1" branch="false" />
                <line number="57" hits="1" branch="true" condition-coverage="100% (2/2)" />
                <line number="58" hits="1" branch="false" />
                <line number="59" hits="1" branch="true" condition-coverage="100% (2/2)" />
                <line number="60" hits="1" branch="false" />
                <line number="61" hits="1" branch="false" />
                <line number="62" hits="1" branch="true" condition-coverage="50% (1/2)" />
                <line number="63" hits="1" branch="false" />
                <line number="64" hits="1" branch="false" />
                <line number="65" hits="1" branch="false" />
                <line number="66" hits="1" branch="false" />
                <line number="68" hits="0" branch="false" />
                <line number="69" hits="0" branch="false" />
                <line number="70" hits="0" branch="false" />
                <line number="71" hits="1" branch="false" />
                <line number="72" hits="1" branch="false" />
                <line number="74" hits="1" branch="false" />
                <line number="75" hits="1" branch="false" />
                <line number="76" hits="1" branch="false" />
              </lines>
            </method>
            <method name="MoveNext" signature="()" line-rate="1" branch-rate="0.5" complexity="2">
              <lines>
                <line number="27" hits="1" branch="false" />
                <line number="30" hits="1" branch="true" condition-coverage="50% (1/2)" />
                <line number="35" hits="1" branch="false" />
                <line number="36" hits="1" branch="false" />
              </lines>
            </method>
            <method name="MoveNext" signature="()" line-rate="1" branch-rate="1" complexity="1">
              <lines>
                <line number="94" hits="1" branch="false" />
                <line number="96" hits="1" branch="false" />
                <line number="97" hits="1" branch="false" />
                <line number="98" hits="1" branch="false" />
                <line number="99" hits="1" branch="false" />
                <line number="100" hits="1" branch="false" />
                <line number="101" hits="1" branch="false" />
                <line number="102" hits="1" branch="false" />
                <line number="103" hits="1" branch="false" />
                <line number="104" hits="1" branch="false" />
                <line number="105" hits="1" branch="false" />
                <line number="106" hits="1" branch="false" />
                <line number="107" hits="1" branch="false" />
              </lines>
            </method>
            <method name="MoveNext" signature="()" line-rate="1" branch-rate="1" complexity="1">
              <lines>
                <line number="85" hits="1" branch="false" />
                <line number="86" hits="1" branch="false" />
                <line number="87" hits="1" branch="false" />
                <line number="88" hits="1" branch="false" />
                <line number="89" hits="1" branch="false" />
              </lines>
            </method>
            <method name="MoveNext" signature="()" line-rate="0" branch-rate="1" complexity="1">
              <lines>
                <line number="174" hits="0" branch="false" />
                <line number="177" hits="0" branch="false" />
                <line number="178" hits="0" branch="false" />
                <line number="179" hits="0" branch="false" />
                <line number="238" hits="0" branch="false" />
              </lines>
            </method>
            <method name="MoveNext" signature="()" line-rate="0" branch-rate="1" complexity="1">
              <lines>
                <line number="135" hits="0" branch="false" />
                <line number="138" hits="0" branch="false" />
                <line number="139" hits="0" branch="false" />
                <line number="140" hits="0" branch="false" />
                <line number="169" hits="0" branch="false" />
              </lines>
            </method>
            <method name="MoveNext" signature="()" line-rate="0" branch-rate="0" complexity="2">
              <lines>
                <line number="724" hits="0" branch="false" />
                <line number="725" hits="0" branch="false" />
                <line number="726" hits="0" branch="true" condition-coverage="0% (0/2)" />
                <line number="727" hits="0" branch="false" />
                <line number="728" hits="0" branch="false" />
                <line number="729" hits="0" branch="false" />
                <line number="731" hits="0" branch="false" />
                <line number="732" hits="0" branch="false" />
                <line number="733" hits="0" branch="false" />
                <line number="735" hits="0" branch="false" />
                <line number="736" hits="0" branch="false" />
              </lines>
            </method>
          </methods>
          <lines>
            <line number="15" hits="1" branch="false" />
            <line number="16" hits="1" branch="false" />
            <line number="17" hits="1" branch="false" />
            <line number="18" hits="1" branch="false" />
            <line number="19" hits="1" branch="false" />
            <line number="20" hits="1" branch="false" />
            <line number="21" hits="1" branch="false" />
            <line number="22" hits="1" branch="false" />
            <line number="23" hits="1" branch="false" />
            <line number="27" hits="1" branch="false" />
            <line number="30" hits="1" branch="true" condition-coverage="50% (1/2)" />
            <line number="35" hits="1" branch="false" />
            <line number="36" hits="1" branch="false" />
            <line number="40" hits="1" branch="false" />
            <line number="41" hits="1" branch="false" />
            <line number="42" hits="1" branch="false" />
            <line number="43" hits="1" branch="false" />
            <line number="44" hits="1" branch="false" />
            <line number="45" hits="1" branch="false" />
            <line number="46" hits="1" branch="false" />
            <line number="47" hits="1" branch="false" />
            <line number="48" hits="1" branch="false" />
            <line number="49" hits="1" branch="false" />
            <line number="50" hits="1" branch="false" />
            <line number="51" hits="1" branch="false" />
            <line number="52" hits="1" branch="false" />
            <line number="54" hits="1" branch="false" />
            <line number="55" hits="1" branch="false" />
            <line number="56" hits="1" branch="false" />
            <line number="57" hits="1" branch="true" condition-coverage="100% (2/2)" />
            <line number="58" hits="1" branch="false" />
            <line number="59" hits="1" branch="true" condition-coverage="100% (2/2)" />
            <line number="60" hits="1" branch="false" />
            <line number="61" hits="1" branch="false" />
            <line number="62" hits="1" branch="true" condition-coverage="50% (1/2)" />
            <line number="63" hits="1" branch="false" />
            <line number="64" hits="1" branch="false" />
            <line number="65" hits="1" branch="false" />
            <line number="66" hits="1" branch="false" />
            <line number="68" hits="0" branch="false" />
            <line number="69" hits="0" branch="false" />
            <line number="70" hits="0" branch="false" />
            <line number="71" hits="1" branch="false" />
            <line number="72" hits="1" branch="false" />
            <line number="74" hits="1" branch="false" />
            <line number="75" hits="1" branch="false" />
            <line number="76" hits="1" branch="false" />
            <line number="85" hits="1" branch="false" />
            <line number="86" hits="1" branch="false" />
            <line number="87" hits="1" branch="false" />
            <line number="88" hits="1" branch="false" />
            <line number="89" hits="1" branch="false" />
            <line number="94" hits="1" branch="false" />
            <line number="96" hits="1" branch="false" />
            <line number="97" hits="1" branch="false" />
            <line number="98" hits="1" branch="false" />
            <line number="99" hits="1" branch="false" />
            <line number="100" hits="1" branch="false" />
            <line number="101" hits="1" branch="false" />
            <line number="102" hits="1" branch="false" />
            <line number="103" hits="1" branch="false" />
            <line number="104" hits="1" branch="false" />
            <line number="105" hits="1" branch="false" />
            <line number="106" hits="1" branch="false" />
            <line number="107" hits="1" branch="false" />
            <line number="115" hits="1" branch="false" />
            <line number="117" hits="1" branch="false" />
            <line number="118" hits="1" branch="false" />
            <line number="119" hits="1" branch="false" />
            <line number="120" hits="1" branch="false" />
            <line number="121" hits="1" branch="false" />
            <line number="122" hits="1" branch="false" />
            <line number="123" hits="0" branch="false" />
            <line number="124" hits="0" branch="false" />
            <line number="125" hits="0" branch="false" />
            <line number="126" hits="0" branch="false" />
            <line number="127" hits="0" branch="false" />
            <line number="129" hits="1" branch="false" />
            <line number="130" hits="1" branch="false" />
            <line number="135" hits="0" branch="false" />
            <line number="138" hits="0" branch="false" />
            <line number="139" hits="0" branch="false" />
            <line number="140" hits="0" branch="false" />
            <line number="169" hits="0" branch="false" />
            <line number="174" hits="0" branch="false" />
            <line number="177" hits="0" branch="false" />
            <line number="178" hits="0" branch="false" />
            <line number="179" hits="0" branch="false" />
            <line number="238" hits="0" branch="false" />
            <line number="242" hits="1" branch="false" />
            <line number="246" hits="1" branch="false" />
            <line number="247" hits="1" branch="false" />
            <line number="248" hits="1" branch="false" />
            <line number="249" hits="1" branch="false" />
            <line number="250" hits="1" branch="false" />
            <line number="251" hits="1" branch="false" />
            <line number="252" hits="1" branch="false" />
            <line number="253" hits="1" branch="false" />
            <line number="254" hits="1" branch="false" />
            <line number="255" hits="1" branch="false" />
            <line number="256" hits="1" branch="false" />
            <line number="257" hits="1" branch="false" />
            <line number="258" hits="1" branch="false" />
            <line number="362" hits="1" branch="false" />
            <line number="369" hits="1" branch="false" />
            <line number="371" hits="1" branch="false" />
            <line number="373" hits="1" branch="false" />
            <line number="374" hits="1" branch="false" />
            <line number="377" hits="1" branch="true" condition-coverage="50% (1/2)" />
            <line number="378" hits="1" branch="false" />
            <line number="379" hits="1" branch="false" />
            <line number="380" hits="1" branch="false" />
            <line number="381" hits="1" branch="false" />
            <line number="382" hits="1" branch="false" />
            <line number="383" hits="1" branch="false" />
            <line number="384" hits="1" branch="false" />
            <line number="386" hits="1" branch="false" />
            <line number="388" hits="1" branch="false" />
            <line number="390" hits="0" branch="false" />
            <line number="391" hits="0" branch="false" />
            <line number="392" hits="0" branch="false" />
            <line number="393" hits="0" branch="false" />
            <line number="394" hits="0" branch="false" />
            <line number="395" hits="0" branch="false" />
            <line number="396" hits="0" branch="false" />
            <line number="397" hits="0" branch="false" />
            <line number="399" hits="1" branch="false" />
            <line number="406" hits="1" branch="false" />
            <line number="408" hits="1" branch="false" />
            <line number="409" hits="1" branch="false" />
            <line number="410" hits="1" branch="false" />
            <line number="412" hits="1" branch="false" />
            <line number="413" hits="1" branch="false" />
            <line number="414" hits="1" branch="false" />
            <line number="415" hits="1" branch="true" condition-coverage="50% (1/2)" />
            <line number="416" hits="1" branch="false" />
            <line number="417" hits="1" branch="false" />
            <line number="418" hits="1" branch="false" />
            <line number="420" hits="0" branch="false" />
            <line number="421" hits="0" branch="false" />
            <line number="422" hits="0" branch="false" />
            <line number="423" hits="0" branch="false" />
            <line number="425" hits="1" branch="false" />
            <line number="434" hits="1" branch="false" />
            <line number="435" hits="1" branch="false" />
            <line number="436" hits="1" branch="false" />
            <line number="437" hits="1" branch="false" />
            <line number="444" hits="0" branch="false" />
            <line number="445" hits="0" branch="false" />
            <line number="446" hits="0" branch="false" />
            <line number="454" hits="1" branch="false" />
            <line number="455" hits="1" branch="true" condition-coverage="100% (2/2)" />
            <line number="456" hits="1" branch="false" />
            <line number="457" hits="1" branch="false" />
            <line number="460" hits="1" branch="true" condition-coverage="50% (1/2)" />
            <line number="461" hits="0" branch="false" />
            <line number="462" hits="0" branch="false" />
            <line number="463" hits="0" branch="false" />
            <line number="466" hits="1" branch="true" condition-coverage="50% (1/2)" />
            <line number="467" hits="0" branch="false" />
            <line number="470" hits="1" branch="false" />
            <line number="471" hits="1" branch="false" />
            <line number="472" hits="1" branch="true" condition-coverage="100% (2/2)" />
            <line number="473" hits="1" branch="false" />
            <line number="474" hits="1" branch="false" />
            <line number="475" hits="1" branch="false" />
            <line number="478" hits="1" branch="false" />
            <line number="479" hits="1" branch="false" />
            <line number="480" hits="1" branch="true" condition-coverage="50% (1/2)" />
            <line number="481" hits="1" branch="false" />
            <line number="483" hits="0" branch="false" />
            <line number="484" hits="0" branch="false" />
            <line number="485" hits="0" branch="false" />
            <line number="486" hits="0" branch="false" />
            <line number="487" hits="0" branch="false" />
            <line number="489" hits="1" branch="false" />
            <line number="496" hits="1" branch="false" />
            <line number="497" hits="1" branch="false" />
            <line number="498" hits="1" branch="true" condition-coverage="50% (1/2)" />
            <line number="499" hits="1" branch="false" />
            <line number="500" hits="1" branch="false" />
            <line number="501" hits="1" branch="false" />
            <line number="502" hits="1" branch="false" />
            <line number="505" hits="0" branch="false" />
            <line number="506" hits="1" branch="false" />
            <line number="514" hits="1" branch="false" />
            <line number="515" hits="1" branch="true" condition-coverage="50% (1/2)" />
            <line number="516" hits="0" branch="false" />
            <line number="517" hits="0" branch="false" />
            <line number="520" hits="1" branch="true" condition-coverage="50% (1/2)" />
            <line number="521" hits="0" branch="false" />
            <line number="522" hits="0" branch="false" />
            <line number="523" hits="0" branch="false" />
            <line number="527" hits="1" branch="false" />
            <line number="528" hits="1" branch="false" />
            <line number="529" hits="1" branch="true" condition-coverage="50% (1/2)" />
            <line number="530" hits="0" branch="false" />
            <line number="531" hits="0" branch="false" />
            <line number="532" hits="0" branch="false" />
            <line number="536" hits="1" branch="true" condition-coverage="100% (2/2)" />
            <line number="537" hits="1" branch="false" />
            <line number="538" hits="1" branch="false" />
            <line number="539" hits="1" branch="true" condition-coverage="83% (5/6)" />
            <line number="540" hits="1" branch="false" />
            <line number="541" hits="1" branch="false" />
            <line number="542" hits="1" branch="false" />
            <line number="544" hits="1" branch="false" />
            <line number="546" hits="1" branch="true" condition-coverage="50% (1/2)" />
            <line number="547" hits="0" branch="true" condition-coverage="0% (0/2)" />
            <line number="550" hits="1" branch="false" />
            <line number="552" hits="1" branch="true" condition-coverage="50% (1/2)" />
            <line number="553" hits="0" branch="false" />
            <line number="554" hits="0" branch="false" />
            <line number="555" hits="0" branch="false" />
            <line number="558" hits="1" branch="false" />
            <line number="559" hits="1" branch="true" condition-coverage="50% (1/2)" />
            <line number="560" hits="1" branch="false" />
            <line number="562" hits="1" branch="false" />
            <line number="563" hits="1" branch="false" />
            <line number="564" hits="1" branch="false" />
            <line number="565" hits="1" branch="false" />
            <line number="566" hits="1" branch="false" />
            <line number="568" hits="1" branch="false" />
            <line number="575" hits="1" branch="false" />
            <line number="576" hits="1" branch="false" />
            <line number="577" hits="1" branch="true" condition-coverage="50% (1/2)" />
            <line number="578" hits="0" branch="false" />
            <line number="579" hits="0" branch="false" />
            <line number="580" hits="0" branch="false" />
            <line number="583" hits="1" branch="false" />
            <line number="584" hits="1" branch="false" />
            <line number="593" hits="1" branch="false" />
            <line number="595" hits="1" branch="false" />
            <line number="596" hits="1" branch="false" />
            <line number="597" hits="1" branch="true" condition-coverage="100% (2/2)" />
            <line number="598" hits="1" branch="false" />
            <line number="599" hits="1" branch="false" />
            <line number="600" hits="1" branch="false" />
            <line number="603" hits="1" branch="false" />
            <line number="605" hits="1" branch="true" condition-coverage="50% (1/2)" />
            <line number="606" hits="0" branch="false" />
            <line number="607" hits="0" branch="false" />
            <line number="608" hits="0" branch="false" />
            <line number="611" hits="1" branch="false" />
            <line number="612" hits="1" branch="true" condition-coverage="50% (1/2)" />
            <line number="613" hits="1" branch="false" />
            <line number="615" hits="0" branch="false" />
            <line number="616" hits="0" branch="false" />
            <line number="617" hits="0" branch="false" />
            <line number="618" hits="0" branch="false" />
            <line number="619" hits="0" branch="false" />
            <line number="621" hits="1" branch="false" />
            <line number="627" hits="1" branch="false" />
            <line number="628" hits="1" branch="false" />
            <line number="629" hits="1" branch="true" condition-coverage="50% (1/2)" />
            <line number="631" hits="1" branch="false" />
            <line number="632" hits="1" branch="false" />
            <line number="634" hits="1" branch="false" />
            <line number="636" hits="1" branch="true" condition-coverage="50% (1/2)" />
            <line number="637" hits="1" branch="true" condition-coverage="50% (1/2)" />
            <line number="638" hits="1" branch="true" condition-coverage="50% (1/2)" />
            <line number="640" hits="1" branch="false" />
            <line number="641" hits="1" branch="false" />
            <line number="646" hits="1" branch="false" />
            <line number="647" hits="1" branch="false" />
            <line number="650" hits="1" branch="true" condition-coverage="100% (4/4)" />
            <line number="651" hits="1" branch="false" />
            <line number="652" hits="1" branch="false" />
            <line number="653" hits="1" branch="false" />
            <line number="654" hits="1" branch="false" />
            <line number="657" hits="1" branch="true" condition-coverage="100% (2/2)" />
            <line number="658" hits="1" branch="false" />
            <line number="659" hits="1" branch="true" condition-coverage="50% (1/2)" />
            <line number="660" hits="1" branch="true" condition-coverage="50% (1/2)" />
            <line number="661" hits="0" branch="false" />
            <line number="663" hits="1" branch="false" />
            <line number="664" hits="1" branch="false" />
            <line number="665" hits="0" branch="true" condition-coverage="0% (0/2)" />
            <line number="666" hits="0" branch="false" />
            <line number="668" hits="1" branch="true" condition-coverage="100% (2/2)" />
            <line number="669" hits="1" branch="false" />
            <line number="670" hits="1" branch="false" />
            <line number="671" hits="1" branch="true" condition-coverage="67% (4/6)" />
            <line number="672" hits="1" branch="false" />
            <line number="673" hits="1" branch="false" />
            <line number="674" hits="1" branch="false" />
            <line number="675" hits="1" branch="false" />
            <line number="676" hits="1" branch="false" />
            <line number="678" hits="1" branch="false" />
            <line number="679" hits="1" branch="false" />
            <line number="680" hits="1" branch="false" />
            <line number="681" hits="1" branch="false" />
            <line number="682" hits="1" branch="false" />
            <line number="683" hits="1" branch="false" />
            <line number="684" hits="1" branch="false" />
            <line number="686" hits="1" branch="true" condition-coverage="50% (2/4)" />
            <line number="687" hits="0" branch="false" />
            <line number="689" hits="1" branch="false" />
            <line number="690" hits="1" branch="false" />
            <line number="691" hits="1" branch="false" />
            <line number="692" hits="1" branch="false" />
            <line number="693" hits="1" branch="false" />
            <line number="694" hits="1" branch="false" />
            <line number="695" hits="1" branch="false" />
            <line number="696" hits="1" branch="false" />
            <line number="697" hits="1" branch="false" />
            <line number="698" hits="1" branch="false" />
            <line number="700" hits="1" branch="false" />
            <line number="701" hits="1" branch="false" />
            <line number="702" hits="1" branch="false" />
            <line number="703" hits="1" branch="false" />
            <line number="708" hits="1" branch="false" />
            <line number="709" hits="1" branch="false" />
            <line number="710" hits="1" branch="true" condition-coverage="50% (1/2)" />
            <line number="711" hits="1" branch="false" />
            <line number="712" hits="1" branch="false" />
            <line number="713" hits="1" branch="false" />
            <line number="715" hits="0" branch="false" />
            <line number="716" hits="0" branch="false" />
            <line number="717" hits="0" branch="false" />
            <line number="718" hits="1" branch="false" />
            <line number="719" hits="1" branch="false" />
            <line number="724" hits="0" branch="false" />
            <line number="725" hits="0" branch="false" />
            <line number="726" hits="0" branch="true" condition-coverage="0% (0/2)" />
            <line number="727" hits="0" branch="false" />
            <line number="728" hits="0" branch="false" />
            <line number="729" hits="0" branch="false" />
            <line number="731" hits="0" branch="false" />
            <line number="732" hits="0" branch="false" />
            <line number="733" hits="0" branch="false" />
            <line number="735" hits="0" branch="false" />
            <line number="736" hits="0" branch="false" />
          </lines>
        </class>
        <class name="UniversityFinder.Controllers.ChatController" filename="C:\Users\defaultuser0\source\repos\UniversityAdvisorProject\Controllers\ChatController.cs" line-rate="0.8" branch-rate="1" complexity="3">
          <methods>
            <method name=".ctor" signature="(...)" line-rate="1" branch-rate="1" complexity="1">
              <lines>
                <line number="14" hits="1" branch="false" />
                <line number="15" hits="1" branch="false" />
                <line number="16" hits="1" branch="false" />
                <line number="17" hits="1" branch="false" />
                <line number="18" hits="1" branch="false" />
              </lines>
            </method>
            <method name="MoveNext" signature="()" line-rate="0.733333333333333" branch-rate="1" complexity="2">
              <lines>
                <line number="22" hits="1" branch="false" />
                <line number="24" hits="1" branch="false" />
                <line number="25" hits="1" branch="true" condition-coverage="100% (2/2)" />
                <line number="26" hits="1" branch="false" />
                <line number="27" hits="1" branch="false" />
                <line number="30" hits="1" branch="false" />
                <line number="31" hits="1" branch="false" />
                <line number="32" hits="1" branch="false" />
                <line number="33" hits="1" branch="false" />
                <line number="35" hits="1" branch="false" />
                <line number="37" hits="0" branch="false" />
                <line number="38" hits="0" branch="false" />
                <line number="39" hits="0" branch="false" />
                <line number="40" hits="0" branch="false" />
                <line number="42" hits="1" branch="false" />
              </lines>
            </method>
          </methods>
          <lines>
            <line number="14" hits="1" branch="false" />
            <line number="15" hits="1" branch="false" />
            <line number="16" hits="1" branch="false" />
            <line number="17" hits="1" branch="false" />
            <line number="18" hits="1" branch="false" />
            <line number="22" hits="1" branch="false" />
            <line number="24" hits="1" branch="false" />
            <line number="25" hits="1" branch="true" condition-coverage="100% (2/2)" />
            <line number="26" hits="1" branch="false" />
            <line number="27" hits="1" branch="false" />
            <line number="30" hits="1" branch="false" />
            <line number="31" hits="1" branch="false" />
            <line number="32" hits="1" branch="false" />
            <line number="33" hits="1" branch="false" />
            <line number="35" hits="1" branch="false" />
            <line number="37" hits="0" branch="false" />
            <line number="38" hits="0" branch="false" />
            <line number="39" hits="0" branch="false" />
            <line number="40" hits="0" branch="false" />
            <line number="42" hits="1" branch="false" />
          </lines>
        </class>
        <class name="UniversityFinder.Controllers.HomeController" filename="C:\Users\defaultuser0\source\repos\UniversityAdvisorProject\Controllers\HomeController.cs" line-rate="1" branch-rate="0.6875" complexity="18">
          <methods>
            <method name=".ctor" signature="(...)" line-rate="1" branch-rate="1" complexity="1">
              <lines>
                <line number="13" hits="1" branch="false" />
                <line number="14" hits="1" branch="false" />
                <line number="15" hits="1" branch="false" />
                <line number="16" hits="1" branch="false" />
                <line number="17" hits="1" branch="false" />
              </lines>
            </method>
            <method name="Privacy" signature="()" line-rate="1" branch-rate="1" complexity="1">
              <lines>
                <line number="40" hits="1" branch="false" />
                <line number="41" hits="1" branch="false" />
                <line number="42" hits="1" branch="false" />
              </lines>
            </method>
            <method name="Error" signature="()" line-rate="1" branch-rate="0.75" complexity="4">
              <lines>
                <line number="46" hits="1" branch="false" />
                <line number="47" hits="1" branch="true" condition-coverage="75% (3/4)" />
                <line number="48" hits="1" branch="false" />
              </lines>
            </method>
            <method name="MoveNext" signature="()" line-rate="1" branch-rate="0.666666666666667" complexity="12">
              <lines>
                <line number="20" hits="1" branch="false" />
                <line number="22" hits="1" branch="false" />
                <line number="23" hits="1" branch="true" condition-coverage="100% (4/4)" />
                <line number="24" hits="1" branch="false" />
                <line number="25" hits="1" branch="false" />
                <line number="26" hits="1" branch="false" />
                <line number="27" hits="1" branch="false" />
                <line number="29" hits="1" branch="true" condition-coverage="50% (1/2)" />
                <line number="32" hits="1" branch="true" condition-coverage="50% (1/2)" />
                <line number="33" hits="1" branch="true" condition-coverage="50% (1/2)" />
                <line number="34" hits="1" branch="true" condition-coverage="50% (1/2)" />
                <line number="36" hits="1" branch="false" />
                <line number="37" hits="1" branch="false" />
              </lines>
            </method>
          </methods>
          <lines>
            <line number="13" hits="1" branch="false" />
            <line number="14" hits="1" branch="false" />
            <line number="15" hits="1" branch="false" />
            <line number="16" hits="1" branch="false" />
            <line number="17" hits="1" branch="false" />
            <line number="20" hits="1" branch="false" />
            <line number="22" hits="1" branch="false" />
            <line number="23" hits="1" branch="true" condition-coverage="100% (4/4)" />
            <line number="24" hits="1" branch="false" />
            <line number="25" hits="1" branch="false" />
            <line number="26" hits="1" branch="false" />
            <line number="27" hits="1" branch="false" />
            <line number="29" hits="1" branch="true" condition-coverage="50% (1/2)" />
            <line number="32" hits="1" branch="true" condition-coverage="50% (1/2)" />
            <line number="33" hits="1" branch="true" condition-coverage="50% (1/2)" />
            <line number="34" hits="1" branch="true" condition-coverage="50% (1/2)" />
            <line number="36" hits="1" branch="false" />
            <line number="37" hits="1" branch="false" />
            <line number="40" hits="1" branch="false" />
            <line number="41" hits="1" branch="false" />
            <line number="42" hits="1" branch="false" />
            <line number="46" hits="1" branch="false" />
            <line number="47" hits="1" branch="true" condition-coverage="75% (3/4)" />
            <line number="48" hits="1" branch="false" />
          </lines>
        </class>
        <class name="UniversityFinder.Controllers.UniversityController" filename="C:\Users\defaultuser0\source\repos\UniversityAdvisorProject\Controllers\UniversityController.cs" line-rate="0.846153846153846" branch-rate="0.69672131147541" complexity="102">
          <methods>
            <method name=".ctor" signature="(...)" line-rate="1" branch-rate="1" complexity="1">
              <lines>
                <line number="18" hits="1" branch="false" />
                <line number="19" hits="1" branch="false" />
                <line number="20" hits="1" branch="false" />
                <line number="21" hits="1" branch="false" />
                <line number="22" hits="1" branch="false" />
                <line number="23" hits="1" branch="false" />
                <line number="24" hits="1" branch="false" />
                <line number="25" hits="1" branch="false" />
                <line number="26" hits="1" branch="false" />
                <line number="27" hits="1" branch="false" />
                <line number="28" hits="1" branch="false" />
                <line number="29" hits="1" branch="false" />
                <line number="30" hits="1" branch="false" />
              </lines>
            </method>
            <method name="GetCurrentUserId" signature="()" line-rate="1" branch-rate="1" complexity="1">
              <lines>
                <line number="33" hits="1" branch="false" />
                <line number="34" hits="1" branch="false" />
                <line number="35" hits="1" branch="false" />
              </lines>
            </method>
            <method name="MoveNext" signature="()" line-rate="1" branch-rate="0.75" complexity="6">
              <lines>
                <line number="182" hits="1" branch="false" />
                <line number="183" hits="1" branch="true" condition-coverage="75% (3/4)" />
                <line number="184" hits="1" branch="false" />
                <line number="186" hits="1" branch="false" />
                <line number="188" hits="1" branch="true" condition-coverage="100% (2/2)" />
                <line number="189" hits="1" branch="false" />
                <line number="190" hits="1" branch="true" condition-coverage="50% (1/2)" />
                <line number="191" hits="1" branch="false" />
                <line number="192" hits="1" branch="false" />
                <line number="193" hits="1" branch="false" />
                <line number="194" hits="1" branch="false" />
                <line number="195" hits="1" branch="false" />
                <line number="196" hits="1" branch="false" />
                <line number="197" hits="1" branch="false" />
                <line number="198" hits="1" branch="false" />
                <line number="200" hits="1" branch="false" />
                <line number="201" hits="1" branch="false" />
              </lines>
            </method>
            <method name="MoveNext" signature="()" line-rate="0.9375" branch-rate="0.625" complexity="6">
              <lines>
                <line number="207" hits="1" branch="false" />
                <line number="208" hits="1" branch="true" condition-coverage="50% (2/4)" />
                <line number="209" hits="0" branch="false" />
                <line number="211" hits="1" branch="false" />
                <line number="213" hits="1" branch="true" condition-coverage="100% (2/2)" />
                <line number="214" hits="1" branch="false" />
                <line number="215" hits="1" branch="true" condition-coverage="50% (1/2)" />
                <line number="216" hits="1" branch="false" />
                <line number="217" hits="1" branch="false" />
                <line number="218" hits="1" branch="false" />
                <line number="219" hits="1" branch="false" />
                <line number="220" hits="1" branch="false" />
                <line number="221" hits="1" branch="false" />
                <line number="222" hits="1" branch="false" />
                <line number="224" hits="1" branch="false" />
                <line number="225" hits="1" branch="false" />
              </lines>
            </method>
            <method name="MoveNext" signature="()" line-rate="1" branch-rate="0.857142857142857" complexity="14">
              <lines>
                <line number="152" hits="1" branch="false" />
                <line number="153" hits="1" branch="false" />
                <line number="155" hits="1" branch="true" condition-coverage="100% (2/2)" />
                <line number="156" hits="1" branch="false" />
                <line number="158" hits="1" branch="true" condition-coverage="100% (2/2)" />
                <line number="161" hits="1" branch="true" condition-coverage="83% (5/6)" />
                <line number="162" hits="1" branch="false" />
                <line number="163" hits="1" branch="false" />
                <line number="164" hits="1" branch="true" condition-coverage="100% (2/2)" />
                <line number="165" hits="1" branch="false" />
                <line number="166" hits="1" branch="true" condition-coverage="50% (1/2)" />
                <line number="167" hits="1" branch="false" />
                <line number="168" hits="1" branch="false" />
                <line number="169" hits="1" branch="false" />
                <line number="175" hits="1" branch="false" />
                <line number="176" hits="1" branch="false" />
              </lines>
            </method>
            <method name="MoveNext" signature="()" line-rate="0.857142857142857" branch-rate="0.5" complexity="2">
              <lines>
                <line number="270" hits="1" branch="false" />
                <line number="271" hits="1" branch="false" />
                <line number="273" hits="1" branch="true" condition-coverage="50% (1/2)" />
                <line number="274" hits="0" branch="false" />
                <line number="276" hits="1" branch="false" />
                <line number="277" hits="1" branch="false" />
                <line number="278" hits="1" branch="false" />
              </lines>
            </method>
            <method name="MoveNext" signature="()" line-rate="0" branch-rate="0" complexity="2">
              <lines>
                <line number="282" hits="0" branch="false" />
                <line number="283" hits="0" branch="false" />
                <line number="285" hits="0" branch="true" condition-coverage="0% (0/2)" />
                <line number="286" hits="0" branch="false" />
                <line number="288" hits="0" branch="false" />
                <line number="289" hits="0" branch="false" />
                <line number="290" hits="0" branch="false" />
              </lines>
            </method>
            <method name="MoveNext" signature="()" line-rate="0.76" branch-rate="0.62" complexity="44">
              <lines>
                <line number="44" hits="1" branch="false" />
                <line number="45" hits="1" branch="false" />
                <line number="47" hits="1" branch="true" condition-coverage="100% (2/2)" />
                <line number="48" hits="1" branch="false" />
                <line number="50" hits="1" branch="false" />
                <line number="51" hits="1" branch="true" condition-coverage="33% (2/6)" />
                <line number="52" hits="0" branch="false" />
                <line number="54" hits="1" branch="false" />
                <line number="55" hits="1" branch="false" />
                <line number="56" hits="1" branch="false" />
                <line number="59" hits="1" branch="false" />
                <line number="60" hits="1" branch="false" />
                <line number="63" hits="1" branch="true" condition-coverage="33% (2/6)" />
                <line number="64" hits="0" branch="false" />
                <line number="65" hits="0" branch="false" />
                <line number="66" hits="0" branch="true" condition-coverage="0% (0/2)" />
                <line number="67" hits="0" branch="false" />
                <line number="68" hits="0" branch="false" />
                <line number="71" hits="1" branch="true" condition-coverage="100% (2/2)" />
                <line number="72" hits="1" branch="false" />
                <line number="73" hits="1" branch="true" condition-coverage="100% (2/2)" />
                <line number="74" hits="1" branch="false" />
                <line number="75" hits="1" branch="false" />
                <line number="76" hits="1" branch="false" />
                <line number="77" hits="1" branch="false" />
                <line number="79" hits="1" branch="false" />
                <line number="80" hits="1" branch="false" />
                <line number="82" hits="1" branch="false" />
                <line number="84" hits="1" branch="false" />
[...]
            <line number="286" hits="1" branch="false" />
            <line number="287" hits="1" branch="false" />
            <line number="288" hits="1" branch="false" />
            <line number="292" hits="1" branch="false" />
            <line number="293" hits="1" branch="false" />
            <line number="294" hits="1" branch="false" />
            <line number="295" hits="1" branch="false" />
            <line number="296" hits="1" branch="true" condition-coverage="100% (4/4)" />
            <line number="297" hits="1" branch="false" />
            <line number="298" hits="1" branch="true" condition-coverage="50% (1/2)" />
            <line number="299" hits="1" branch="false" />
            <line number="300" hits="0" branch="false" />
            <line number="301" hits="1" branch="false" />
            <line number="303" hits="1" branch="false" />
            <line number="304" hits="1" branch="false" />
            <line number="305" hits="1" branch="false" />
            <line number="306" hits="1" branch="false" />
            <line number="310" hits="1" branch="false" />
            <line number="311" hits="1" branch="false" />
            <line number="312" hits="1" branch="false" />
            <line number="313" hits="1" branch="false" />
            <line number="315" hits="1" branch="false" />
            <line number="317" hits="1" branch="false" />
            <line number="318" hits="1" branch="false" />
            <line number="319" hits="1" branch="false" />
            <line number="323" hits="1" branch="false" />
            <line number="324" hits="1" branch="true" condition-coverage="100% (2/2)" />
            <line number="325" hits="1" branch="true" condition-coverage="50% (1/2)" />
            <line number="326" hits="1" branch="false" />
            <line number="327" hits="1" branch="false" />
            <line number="329" hits="1" branch="false" />
            <line number="330" hits="1" branch="false" />
            <line number="334" hits="1" branch="false" />
            <line number="335" hits="1" branch="false" />
            <line number="336" hits="1" branch="false" />
            <line number="337" hits="1" branch="false" />
            <line number="338" hits="1" branch="false" />
            <line number="339" hits="1" branch="false" />
            <line number="340" hits="1" branch="false" />
            <line number="341" hits="1" branch="false" />
            <line number="342" hits="1" branch="false" />
            <line number="343" hits="1" branch="false" />
            <line number="344" hits="1" branch="false" />
            <line number="345" hits="1" branch="false" />
            <line number="346" hits="1" branch="false" />
            <line number="347" hits="1" branch="false" />
            <line number="348" hits="1" branch="false" />
            <line number="350" hits="1" branch="false" />
            <line number="352" hits="1" branch="false" />
            <line number="353" hits="1" branch="false" />
          </lines>
        </class>
        <class name="UniversityFinder.Tests.TestHelpers.FakeHttpMessageHandler" filename="C:\Users\defaultuser0\source\repos\UniversityAdvisorProject\UniversityFinder.Tests\TestHelpers\FakeHttpMessageHandler.cs" line-rate="0.409090909090909" branch-rate="0" complexity="4">
          <methods>
            <method name=".ctor" signature="(...)" line-rate="1" branch-rate="1" complexity="1">
              <lines>
                <line number="9" hits="1" branch="false" />
                <line number="10" hits="1" branch="false" />
                <line number="11" hits="1" branch="false" />
                <line number="12" hits="1" branch="false" />
              </lines>
            </method>
            <method name=".ctor" signature="(...)" line-rate="0" branch-rate="0" complexity="1">
              <lines>
                <line number="15" hits="0" branch="false" />
                <line number="16" hits="0" branch="false" />
                <line number="17" hits="0" branch="true" condition-coverage="0% (0/4)" />
                <line number="18" hits="0" branch="true" condition-coverage="0% (0/2)" />
                <line number="19" hits="0" branch="false" />
                <line number="20" hits="0" branch="true" condition-coverage="0% (0/2)" />
                <line number="21" hits="0" branch="false" />
                <line number="22" hits="0" branch="false" />
                <line number="23" hits="0" branch="false" />
                <line number="24" hits="0" branch="false" />
                <line number="25" hits="0" branch="false" />
                <line number="26" hits="0" branch="false" />
                <line number="27" hits="0" branch="false" />
              </lines>
            </method>
            <method name="SendAsync" signature="(...)" line-rate="1" branch-rate="1" complexity="1">
              <lines>
                <line number="32" hits="1" branch="false" />
              </lines>
            </method>
            <method name="JsonResponse" signature="(...)" line-rate="1" branch-rate="1" complexity="1">
              <lines>
                <line number="35" hits="1" branch="false" />
                <line number="36" hits="1" branch="false" />
                <line number="37" hits="1" branch="false" />
                <line number="38" hits="1" branch="false" />
              </lines>
            </method>
          </methods>
          <lines>
            <line number="9" hits="1" branch="false" />
            <line number="10" hits="1" branch="false" />
            <line number="11" hits="1" branch="false" />
            <line number="12" hits="1" branch="false" />
            <line number="15" hits="0" branch="false" />
            <line number="16" hits="0" branch="false" />
            <line number="17" hits="0" branch="true" condition-coverage="0% (0/4)" />
            <line number="18" hits="0" branch="true" condition-coverage="0% (0/2)" />
            <line number="19" hits="0" branch="false" />
            <line number="20" hits="0" branch="true" condition-coverage="0% (0/2)" />
            <line number="21" hits="0" branch="false" />
            <line number="22" hits="0" branch="false" />
            <line number="23" hits="0" branch="false" />
            <line number="24" hits="0" branch="false" />
            <line number="25" hits="0" branch="false" />
            <line number="26" hits="0" branch="false" />
            <line number="27" hits="0" branch="false" />
            <line number="32" hits="1" branch="false" />
            <line number="35" hits="1" branch="false" />
            <line number="36" hits="1" branch="false" />
            <line number="37" hits="1" branch="false" />
            <line number="38" hits="1" branch="false" />
          </lines>
        </class>
        <class name="UniversityFinder.Tests.TestHelpers.TestServiceFactory" filename="C:\Users\defaultuser0\source\repos\UniversityAdvisorProject\UniversityFinder.Tests\TestHelpers\TestServiceFactory.cs" line-rate="0.931818181818182" branch-rate="1" complexity="20">
          <methods>
            <method name="CreateConfiguration" signature="(...)" line-rate="1" branch-rate="1" complexity="4">
              <lines>
                <line number="10" hits="1" branch="false" />
                <line number="11" hits="1" branch="false" />
                <line number="12" hits="1" branch="false" />
                <line number="13" hits="1" branch="false" />
                <line number="14" hits="1" branch="false" />
                <line number="15" hits="1" branch="false" />
                <line number="16" hits="1" branch="false" />
                <line number="18" hits="1" branch="true" condition-coverage="100% (2/2)" />
                <line number="19" hits="1" branch="false" />
                <line number="20" hits="1" branch="true" condition-coverage="100% (2/2)" />
                <line number="21" hits="1" branch="false" />
                <line number="22" hits="1" branch="false" />
                <line number="24" hits="1" branch="false" />
                <line number="25" hits="1" branch="false" />
                <line number="26" hits="1" branch="false" />
                <line number="27" hits="1" branch="false" />
              </lines>
            </method>
            <method name="CreateSupabaseService" signature="(...)" line-rate="0.857142857142857" branch-rate="1" complexity="4">
              <lines>
                <line number="31" hits="1" branch="false" />
                <line number="32" hits="1" branch="true" condition-coverage="100% (4/4)" />
                <line number="33" hits="1" branch="false" />
                <line number="34" hits="0" branch="false" />
                <line number="36" hits="1" branch="false" />
                <line number="37" hits="1" branch="false" />
                <line number="38" hits="1" branch="false" />
              </lines>
            </method>
            <method name="CreateNacidScraperService" signature="(...)" line-rate="0.909090909090909" branch-rate="1" complexity="6">
              <lines>
                <line number="43" hits="1" branch="false" />
                <line number="44" hits="1" branch="true" condition-coverage="100% (2/2)" />
                <line number="45" hits="1" branch="true" condition-coverage="100% (4/4)" />
                <line number="46" hits="1" branch="false" />
                <line number="47" hits="0" branch="false" />
                <line number="49" hits="1" branch="false" />
                <line number="50" hits="1" branch="false" />
                <line number="51" hits="1" branch="false" />
                <line number="52" hits="1" branch="false" />
                <line number="53" hits="1" branch="false" />
                <line number="54" hits="1" branch="false" />
              </lines>
            </method>
            <method name="CreateOpenAiService" signature="(...)" line-rate="0.9" branch-rate="1" complexity="6">
              <lines>
                <line number="59" hits="1" branch="false" />
                <line number="60" hits="1" branch="true" condition-coverage="100% (2/2)" />
                <line number="61" hits="1" branch="false" />
                <line number="62" hits="1" branch="false" />
                <line number="63" hits="1" branch="false" />
                <line number="65" hits="1" branch="true" condition-coverage="100% (4/4)" />
                <line number="66" hits="1" branch="false" />
                <line number="67" hits="0" branch="false" />
                <line number="69" hits="1" branch="false" />
                <line number="70" hits="1" branch="false" />
              </lines>
            </method>
          </methods>
          <lines>
            <line number="10" hits="1" branch="false" />
            <line number="11" hits="1" branch="false" />
            <line number="12" hits="1" branch="false" />
            <line number="13" hits="1" branch="false" />
            <line number="14" hits="1" branch="false" />
            <line number="15" hits="1" branch="false" />
            <line number="16" hits="1" branch="false" />
            <line number="18" hits="1" branch="true" condition-coverage="100% (2/2)" />
            <line number="19" hits="1" branch="false" />
            <line number="20" hits="1" branch="true" condition-coverage="100% (2/2)" />
            <line number="21" hits="1" branch="false" />
            <line number="22" hits="1" branch="false" />
            <line number="24" hits="1" branch="false" />
            <line number="25" hits="1" branch="false" />
            <line number="26" hits="1" branch="false" />
            <line number="27" hits="1" branch="false" />
            <line number="31" hits="1" branch="false" />
            <line number="32" hits="1" branch="true" condition-coverage="100% (4/4)" />
            <line number="33" hits="1" branch="false" />
            <line number="34" hits="0" branch="false" />
            <line number="36" hits="1" branch="false" />
            <line number="37" hits="1" branch="false" />
            <line number="38" hits="1" branch="false" />
            <line number="43" hits="1" branch="false" />
            <line number="44" hits="1" branch="true" condition-coverage="100% (2/2)" />
            <line number="45" hits="1" branch="true" condition-coverage="100% (4/4)" />
            <line number="46" hits="1" branch="false" />
            <line number="47" hits="0" branch="false" />
            <line number="49" hits="1" branch="false" />
            <line number="50" hits="1" branch="false" />
            <line number="51" hits="1" branch="false" />
            <line number="52" hits="1" branch="false" />
            <line number="53" hits="1" branch="false" />
            <line number="54" hits="1" branch="false" />
            <line number="59" hits="1" branch="false" />
            <line number="60" hits="1" branch="true" condition-coverage="100% (2/2)" />
            <line number="61" hits="1" branch="false" />
            <line number="62" hits="1" branch="false" />
            <line number="63" hits="1" branch="false" />
            <line number="65" hits="1" branch="true" condition-coverage="100% (4/4)" />
            <line number="66" hits="1" branch="false" />
            <line number="67" hits="0" branch="false" />
            <line number="69" hits="1" branch="false" />
            <line number="70" hits="1" branch="false" />
          </lines>
        </class>
        <class name="UniversityFinder.Tests.ViewModelsAndModelsTests" filename="C:\Users\defaultuser0\source\repos\UniversityAdvisorProject\UniversityFinder.Tests\ViewModelsAndModelsTests.cs" line-rate="1" branch-rate="1" complexity="4">
          <methods>
            <method name="SearchViewModel_Properties_RoundTrip" signature="()" line-rate="1" branch-rate="1" complexity="1">
              <lines>
                <line number="11" hits="1" branch="false" />
                <line number="12" hits="1" branch="false" />
                <line number="13" hits="1" branch="false" />
                <line number="14" hits="1" branch="false" />
                <line number="15" hits="1" branch="false" />
                <line number="16" hits="1" branch="false" />
                <line number="17" hits="1" branch="false" />
                <line number="18" hits="1" branch="false" />
                <line number="19" hits="1" branch="false" />
                <line number="20" hits="1" branch="false" />
                <line number="21" hits="1" branch="false" />
                <line number="22" hits="1" branch="false" />
                <line number="23" hits="1" branch="false" />
                <line number="24" hits="1" branch="false" />
                <line number="26" hits="1" branch="false" />
                <line number="27" hits="1" branch="false" />
                <line number="28" hits="1" branch="false" />
                <line number="29" hits="1" branch="false" />
              </lines>
            </method>
            <method name="UniversityIndexViewModel_Properties_RoundTrip" signature="()" line-rate="1" branch-rate="1" complexity="1">
              <lines>
                <line number="33" hits="1" branch="false" />
                <line number="34" hits="1" branch="false" />
                <line number="35" hits="1" branch="false" />
                <line number="36" hits="1" branch="false" />
                <line number="37" hits="1" branch="false" />
                <line number="38" hits="1" branch="false" />
                <line number="39" hits="1" branch="false" />
                <line number="40" hits="1" branch="false" />
                <line number="41" hits="1" branch="false" />
                <line number="42" hits="1" branch="false" />
                <line number="43" hits="1" branch="false" />
                <line number="45" hits="1" branch="false" />
                <line number="46" hits="1" branch="false" />
                <line number="47" hits="1" branch="false" />
              </lines>
            </method>
            <method name="NacidDto_Models_InitializeDefaults" signature="()" line-rate="1" branch-rate="1" complexity="1">
              <lines>
                <line number="51" hits="1" branch="false" />
                <line number="52" hits="1" branch="false" />
                <line number="53" hits="1" branch="false" />
                <line number="54" hits="1" branch="false" />
                <line number="56" hits="1" branch="false" />
                <line number="57" hits="1" branch="false" />
                <line number="58" hits="1" branch="false" />
                <line number="59" hits="1" branch="false" />
              </lines>
            </method>
            <method name="ErrorViewModel_ShowsRequestIdWhenSet" signature="()" line-rate="1" branch-rate="1" complexity="1">
              <lines>
                <line number="63" hits="1" branch="false" />
                <line number="64" hits="1" branch="false" />
                <line number="65" hits="1" branch="false" />
                <line number="66" hits="1" branch="false" />
              </lines>
            </method>
          </methods>
          <lines>
            <line number="11" hits="1" branch="false" />
            <line number="12" hits="1" branch="false" />
            <line number="13" hits="1" branch="false" />
            <line number="14" hits="1" branch="false" />
            <line number="15" hits="1" branch="false" />
            <line number="16" hits="1" branch="false" />
            <line number="17" hits="1" branch="false" />
            <line number="18" hits="1" branch="false" />
            <line number="19" hits="1" branch="false" />
            <line number="20" hits="1" branch="false" />
            <line number="21" hits="1" branch="false" />
            <line number="22" hits="1" branch="false" />
            <line number="23" hits="1" branch="false" />
            <line number="24" hits="1" branch="false" />
            <line number="26" hits="1" branch="false" />
            <line number="27" hits="1" branch="false" />
            <line number="28" hits="1" branch="false" />
            <line number="29" hits="1" branch="false" />
            <line number="33" hits="1" branch="false" />
            <line number="34" hits="1" branch="false" />
            <line number="35" hits="1" branch="false" />
            <line number="36" hits="1" branch="false" />
            <line number="37" hits="1" branch="false" />
            <line number="38" hits="1" branch="false" />
            <line number="39" hits="1" branch="false" />
            <line number="40" hits="1" branch="false" />
            <line number="41" hits="1" branch="false" />
            <line number="42" hits="1" branch="false" />
            <line number="43" hits="1" branch="false" />
            <line number="45" hits="1" branch="false" />
            <line number="46" hits="1" branch="false" />
            <line number="47" hits="1" branch="false" />
            <line number="51" hits="1" branch="false" />
            <line number="52" hits="1" branch="false" />
            <line number="53" hits="1" branch="false" />
            <line number="54" hits="1" branch="false" />
            <line number="56" hits="1" branch="false" />
            <line number="57" hits="1" branch="false" />
            <line number="58" hits="1" branch="false" />
            <line number="59" hits="1" branch="false" />
            <line number="63" hits="1" branch="false" />
            <line number="64" hits="1" branch="false" />
            <line number="65" hits="1" branch="false" />
            <line number="66" hits="1" branch="false" />
          </lines>
        </class>
      </classes>
    </package>
  </packages>
</coverage>